#
# A fatal error has been detected by the Java Runtime Environment:
#
#  EXCEPTION_ACCESS_VIOLATION (0xc0000005) at pc=0x00007ffb52c5392d, pid=6176, tid=0x0000000000002380
#
# JRE version: Java(TM) SE Runtime Environment (8.0_161-b12) (build 1.8.0_161-b12)
# Java VM: Java HotSpot(TM) 64-Bit Server VM (25.161-b12 mixed mode windows-amd64 compressed oops)
# Problematic frame:
# C  [jemalloc.dll+0x1392d]
#
# Failed to write core dump. Minidumps are not enabled by default on client versions of Windows
#
# If you would like to submit a bug report, please visit:
#   http://bugreport.java.com/bugreport/crash.jsp
# The crash happened outside the Java Virtual Machine in native code.
# See problematic frame for where to report the bug.
#

---------------  T H R E A D  ---------------

Current thread (0x0000000004ee3800):  JavaThread "main" [_thread_in_native, id=9088, stack(0x0000000004dc0000,0x0000000004ec0000)]

siginfo: ExceptionCode=0xc0000005, writing address 0xfffffffffffffff8

Registers:
RAX=0xfffffffffffffff8, RBX=0x000000005c762000, RCX=0x0000000000000008, RDX=0x0000000000000000
RSP=0x0000000004ebef80, RBP=0x0000000019e5a0c0, RSI=0x000000005c761008, RDI=0x000000005c762900
R8 =0x0000000000000000, R9 =0x00007ffb52c40000, R10=0x0000000000000000, R11=0x0000000000000000
R12=0x0000000000000000, R13=0x0000000017127cd8, R14=0x0000000004ebf0c0, R15=0x0000000004ee3800
RIP=0x00007ffb52c5392d, EFLAGS=0x0000000000010293

Top of Stack: (sp=0x0000000004ebef80)
0x0000000004ebef80:   0000dff9833757f6 0000000017157020
0x0000000004ebef90:   0000000004ee3800 00007ffb52c43081
0x0000000004ebefa0:   0000000000000000 0000000004ebf0c8
0x0000000004ebefb0:   000000005c762000 00007ffb52c506a0
0x0000000004ebefc0:   000000000000000a 0000000004ebf088
0x0000000004ebefd0:   0000000000000000 0000000019e5a0c0
0x0000000004ebefe0:   0000000000000000 0000000000000098
0x0000000004ebeff0:   0000000004fe835d 0000000004ff8c67
0x0000000004ebf000:   0000000017127cd8 0000000019e5a0c0
0x0000000004ebf010:   00000001000b92c0 0000000004ee3800
0x0000000004ebf020:   00000000173d7f70 0000000004ee3800
0x0000000004ebf030:   0000000600000019 0000000004ee3800
0x0000000004ebf040:   0000000004ebf130 0000000004ebf048
0x0000000004ebf050:   0000000000000000 0000000004ebf0c0
0x0000000004ebf060:   0000000017146c08 0000000000000000
0x0000000004ebf070:   0000000017127cd8 0000000000000000 

Instructions: (pc=0x00007ffb52c5392d)
0x00007ffb52c5390d:   8d 47 28 89 54 24 20 48 8b d3 e8 94 fb ff ff ff
0x00007ffb52c5391d:   47 38 8b 4f 38 48 8b 47 40 48 c1 e1 03 48 2b c1
0x00007ffb52c5392d:   48 89 28 8b 43 18 83 f8 01 7d 13 8b 43 1c 48 8b
0x00007ffb52c5393d:   d3 48 8b ce 89 43 18 e8 27 00 00 00 eb 05 ff c8 


Register to memory mapping:

RAX=0xfffffffffffffff8 is an unknown value
RBX=0x000000005c762000 is an unknown value
RCX=0x0000000000000008 is an unknown value
RDX=0x0000000000000000 is an unknown value
RSP=0x0000000004ebef80 is pointing into the stack for thread: 0x0000000004ee3800
RBP=0x0000000019e5a0c0 is an unknown value
RSI=0x000000005c761008 is an unknown value
RDI=0x000000005c762900 is an unknown value
R8 =0x0000000000000000 is an unknown value
R9 =0x00007ffb52c40000 is an unknown value
R10=0x0000000000000000 is an unknown value
R11=0x0000000000000000 is an unknown value
R12=0x0000000000000000 is an unknown value
R13={method} {0x0000000017127ce0} 'invokePV' '(JJ)V' in 'org/lwjgl/system/JNI'
R14=0x0000000004ebf0c0 is pointing into the stack for thread: 0x0000000004ee3800
R15=0x0000000004ee3800 is a thread


Stack: [0x0000000004dc0000,0x0000000004ec0000],  sp=0x0000000004ebef80,  free space=1019k
Native frames: (J=compiled Java code, j=interpreted, Vv=VM code, C=native code)
C  [jemalloc.dll+0x1392d]
C  [jemalloc.dll+0x106a0]
C  0x0000000004ff8c67

Java frames: (J=compiled Java code, j=interpreted, Vv=VM code)
j  org.lwjgl.system.JNI.invokePV(JJ)V+0
j  org.lwjgl.system.jemalloc.JEmalloc.nje_free(J)V+6
j  org.lwjgl.system.jemalloc.JEmallocAllocator.free(J)V+1
j  org.lwjgl.system.MemoryUtil.nmemFree(J)V+4
j  org.lwjgl.system.MemoryUtil.memFree(Ljava/nio/Buffer;)V+4
j  com.hyper.io.sound.SoundBuffer.<init>(Ljava/nio/ByteBuffer;)V+52
j  com.hyper.io.sound.SoundHandler.init()V+91
j  com.hyper.Main.main([Ljava/lang/String;)V+67
v  ~StubRoutines::call_stub

---------------  P R O C E S S  ---------------

Java Threads: ( => current thread )
  0x0000000018f70800 JavaThread "Service Thread" daemon [_thread_blocked, id=8392, stack(0x0000000019350000,0x0000000019450000)]
  0x00000000175d6800 JavaThread "C1 CompilerThread2" daemon [_thread_blocked, id=9724, stack(0x0000000018e50000,0x0000000018f50000)]
  0x00000000175d1800 JavaThread "C2 CompilerThread1" daemon [_thread_blocked, id=10208, stack(0x0000000018d50000,0x0000000018e50000)]
  0x00000000175ce000 JavaThread "C2 CompilerThread0" daemon [_thread_blocked, id=2140, stack(0x0000000018c50000,0x0000000018d50000)]
  0x00000000175cd000 JavaThread "Attach Listener" daemon [_thread_blocked, id=2880, stack(0x0000000018b50000,0x0000000018c50000)]
  0x00000000175d8800 JavaThread "Signal Dispatcher" daemon [_thread_blocked, id=5268, stack(0x0000000018a50000,0x0000000018b50000)]
  0x0000000004fde000 JavaThread "Finalizer" daemon [_thread_blocked, id=2336, stack(0x0000000018830000,0x0000000018930000)]
  0x0000000004fd2000 JavaThread "Reference Handler" daemon [_thread_blocked, id=8980, stack(0x0000000018730000,0x0000000018830000)]
=>0x0000000004ee3800 JavaThread "main" [_thread_in_native, id=9088, stack(0x0000000004dc0000,0x0000000004ec0000)]

Other Threads:
  0x0000000017597000 VMThread [stack: 0x0000000018630000,0x0000000018730000] [id=10164]
  0x000000001762c800 WatcherThread [stack: 0x0000000019810000,0x0000000019910000] [id=3132]

VM state:not at safepoint (normal execution)

VM Mutex/Monitor currently owned by a thread: None

Heap:
 PSYoungGen      total 18944K, used 14470K [0x00000000eb300000, 0x00000000ec800000, 0x0000000100000000)
  eden space 16384K, 88% used [0x00000000eb300000,0x00000000ec121928,0x00000000ec300000)
  from space 2560K, 0% used [0x00000000ec580000,0x00000000ec580000,0x00000000ec800000)
  to   space 2560K, 0% used [0x00000000ec300000,0x00000000ec300000,0x00000000ec580000)
 ParOldGen       total 44032K, used 0K [0x00000000c1800000, 0x00000000c4300000, 0x00000000eb300000)
  object space 44032K, 0% used [0x00000000c1800000,0x00000000c1800000,0x00000000c4300000)
 Metaspace       used 8479K, capacity 8769K, committed 8832K, reserved 1056768K
  class space    used 782K, capacity 878K, committed 896K, reserved 1048576K

Card table byte_map: [0x00000000143a0000,0x00000000145a0000] byte_map_base: 0x0000000013d94000

Marking Bits: (ParMarkBitMap*) 0x000000005d2df860
 Begin Bits: [0x0000000014af0000, 0x0000000015a90000)
 End Bits:   [0x0000000015a90000, 0x0000000016a30000)

Polling page: 0x0000000004ce0000

CodeCache: size=245760Kb used=2943Kb max_used=2954Kb free=242816Kb
 bounds [0x0000000004fe0000, 0x00000000052d0000, 0x0000000013fe0000]
 total_blobs=1479 nmethods=689 adapters=703
 compilation: enabled

Compilation events (10 events):
Event: 4.474 Thread 0x00000000175d6800  685  s    3       java.util.jar.JarFile::getInputStream (89 bytes)
Event: 4.474 Thread 0x00000000175d6800 nmethod 685 0x00000000052bef90 code [0x00000000052bf1a0, 0x00000000052bfd18]
Event: 4.495 Thread 0x00000000175d6800  686       3       org.lwjgl.system.Checks::checkFunctions (34 bytes)
Event: 4.495 Thread 0x00000000175ce000  687       4       java.lang.AbstractStringBuilder::append (50 bytes)
Event: 4.495 Thread 0x00000000175d6800 nmethod 686 0x00000000052bb6d0 code [0x00000000052bb840, 0x00000000052bba90]
Event: 4.496 Thread 0x00000000175d1800  688       4       java.util.ArrayList::add (29 bytes)
Event: 4.497 Thread 0x00000000175d1800 nmethod 688 0x00000000052c2d90 code [0x00000000052c2ee0, 0x00000000052c3048]
Event: 4.499 Thread 0x00000000175ce000 nmethod 687 0x00000000052c0f90 code [0x00000000052c10e0, 0x00000000052c14f8]
Event: 4.556 Thread 0x00000000175d6800  689       3       java.util.HashMap::afterNodeAccess (1 bytes)
Event: 4.556 Thread 0x00000000175d6800 nmethod 689 0x00000000052c0c90 code [0x00000000052c0de0, 0x00000000052c0f30]

GC Heap History (0 events):
No events

Deoptimization events (1 events):
Event: 0.173 Thread 0x0000000004ee3800 Uncommon trap: reason=unstable_if action=reinterpret pc=0x00000000050fc638 method=java.lang.String.hashCode()I @ 14

Classes redefined (0 events):
No events

Internal exceptions (10 events):
Event: 0.148 Thread 0x0000000004ee3800 Exception <a 'java/io/FileNotFoundException'> (0x00000000eb381420) thrown at [C:\re\workspace\8-2-build-windows-amd64-cygwin\jdk8u161\10277\hotspot\src\share\vm\prims\jni.cpp, line 709]
Event: 0.287 Thread 0x0000000004ee3800 Exception <a 'java/lang/NoSuchMethodError': java.lang.Object.lambda$static$0(Ljava/lang/String;)Ljava/lang/Boolean;> (0x00000000eb4f4d68) thrown at [C:\re\workspace\8-2-build-windows-amd64-cygwin\jdk8u161\10277\hotspot\src\share\vm\interpreter\linkResolve
Event: 0.305 Thread 0x0000000004ee3800 Exception <a 'java/lang/NoSuchFieldError': method resolution failed> (0x00000000eb56ce50) thrown at [C:\re\workspace\8-2-build-windows-amd64-cygwin\jdk8u161\10277\hotspot\src\share\vm\prims\methodHandles.cpp, line 1167]
Event: 0.311 Thread 0x0000000004ee3800 Exception <a 'java/lang/NoSuchFieldError': method resolution failed> (0x00000000eb57a2b0) thrown at [C:\re\workspace\8-2-build-windows-amd64-cygwin\jdk8u161\10277\hotspot\src\share\vm\prims\methodHandles.cpp, line 1167]
Event: 0.369 Thread 0x0000000004ee3800 Exception <a 'java/security/PrivilegedActionException'> (0x00000000eb6c5548) thrown at [C:\re\workspace\8-2-build-windows-amd64-cygwin\jdk8u161\10277\hotspot\src\share\vm\prims\jvm.cpp, line 1390]
Event: 0.369 Thread 0x0000000004ee3800 Exception <a 'java/security/PrivilegedActionException'> (0x00000000eb6c5758) thrown at [C:\re\workspace\8-2-build-windows-amd64-cygwin\jdk8u161\10277\hotspot\src\share\vm\prims\jvm.cpp, line 1390]
Event: 0.370 Thread 0x0000000004ee3800 Exception <a 'java/security/PrivilegedActionException'> (0x00000000eb6c93c8) thrown at [C:\re\workspace\8-2-build-windows-amd64-cygwin\jdk8u161\10277\hotspot\src\share\vm\prims\jvm.cpp, line 1390]
Event: 0.370 Thread 0x0000000004ee3800 Exception <a 'java/security/PrivilegedActionException'> (0x00000000eb6c95d8) thrown at [C:\re\workspace\8-2-build-windows-amd64-cygwin\jdk8u161\10277\hotspot\src\share\vm\prims\jvm.cpp, line 1390]
Event: 3.415 Thread 0x0000000004ee3800 Exception <a 'sun/nio/fs/WindowsException'> (0x00000000eb9b07b0) thrown at [C:\re\workspace\8-2-build-windows-amd64-cygwin\jdk8u161\10277\hotspot\src\share\vm\prims\jni.cpp, line 709]
Event: 3.415 Thread 0x0000000004ee3800 Exception <a 'sun/nio/fs/WindowsException'> (0x00000000eb9b0f90) thrown at [C:\re\workspace\8-2-build-windows-amd64-cygwin\jdk8u161\10277\hotspot\src\share\vm\prims\jni.cpp, line 709]

Events (10 events):
Event: 4.496 loading class com/hyper/io/sound/Utils
Event: 4.496 loading class com/hyper/io/sound/Utils done
Event: 4.521 loading class com/hyper/io/sound/SoundBuffer
Event: 4.521 loading class com/hyper/io/sound/SoundBuffer done
Event: 4.555 loading class org/lwjgl/openal/AL$ICDStatic$WriteOnce
Event: 4.555 loading class org/lwjgl/openal/AL$ICDStatic$WriteOnce done
Event: 4.555 loading class org/lwjgl/stb/STBVorbisInfo
Event: 4.555 loading class org/lwjgl/stb/STBVorbisInfo done
Event: 4.556 loading class org/lwjgl/system/jemalloc/JEmalloc$Functions
Event: 4.556 loading class org/lwjgl/system/jemalloc/JEmalloc$Functions done


Dynamic libraries:
0x00007ff71be80000 - 0x00007ff71beb7000 	C:\Program Files\Java\jre1.8.0_161\bin\javaw.exe
0x00007ffb71770000 - 0x00007ffb71950000 	C:\WINDOWS\SYSTEM32\ntdll.dll
0x00007ffb6efc0000 - 0x00007ffb6f06e000 	C:\WINDOWS\System32\KERNEL32.DLL
0x00007ffb6e930000 - 0x00007ffb6eb96000 	C:\WINDOWS\System32\KERNELBASE.dll
0x00007ffb708e0000 - 0x00007ffb70981000 	C:\WINDOWS\System32\ADVAPI32.dll
0x00007ffb70ef0000 - 0x00007ffb70f8d000 	C:\WINDOWS\System32\msvcrt.dll
0x00007ffb70820000 - 0x00007ffb7087b000 	C:\WINDOWS\System32\sechost.dll
0x00007ffb6eea0000 - 0x00007ffb6efbf000 	C:\WINDOWS\System32\RPCRT4.dll
0x00007ffb71060000 - 0x00007ffb711ef000 	C:\WINDOWS\System32\USER32.dll
0x00007ffb6def0000 - 0x00007ffb6df10000 	C:\WINDOWS\System32\win32u.dll
0x00007ffb71200000 - 0x00007ffb71228000 	C:\WINDOWS\System32\GDI32.dll
0x00007ffb6dcd0000 - 0x00007ffb6de63000 	C:\WINDOWS\System32\gdi32full.dll
0x00007ffb6eba0000 - 0x00007ffb6ec3b000 	C:\WINDOWS\System32\msvcp_win.dll
0x00007ffb6db70000 - 0x00007ffb6dc66000 	C:\WINDOWS\System32\ucrtbase.dll
0x00007ffb674f0000 - 0x00007ffb67759000 	C:\WINDOWS\WinSxS\amd64_microsoft.windows.common-controls_6595b64144ccf1df_6.0.16299.248_none_15ced204935f55d7\COMCTL32.dll
0x00007ffb6f0d0000 - 0x00007ffb6f3d8000 	C:\WINDOWS\System32\combase.dll
0x00007ffb6de70000 - 0x00007ffb6dee2000 	C:\WINDOWS\System32\bcryptPrimitives.dll
0x00007ffb6edb0000 - 0x00007ffb6eddd000 	C:\WINDOWS\System32\IMM32.DLL
0x000000005c810000 - 0x000000005c8e2000 	C:\Program Files\Java\jre1.8.0_161\bin\msvcr100.dll
0x000000005cac0000 - 0x000000005d35f000 	C:\Program Files\Java\jre1.8.0_161\bin\server\jvm.dll
0x00007ffb6ede0000 - 0x00007ffb6ede8000 	C:\WINDOWS\System32\PSAPI.DLL
0x00007ffb6af60000 - 0x00007ffb6af83000 	C:\WINDOWS\SYSTEM32\WINMM.dll
0x00007ffb67d30000 - 0x00007ffb67d3a000 	C:\WINDOWS\SYSTEM32\VERSION.dll
0x00007ffb6c9e0000 - 0x00007ffb6c9e9000 	C:\WINDOWS\SYSTEM32\WSOCK32.dll
0x00007ffb70ff0000 - 0x00007ffb7105c000 	C:\WINDOWS\System32\WS2_32.dll
0x00007ffb6af30000 - 0x00007ffb6af5a000 	C:\WINDOWS\SYSTEM32\WINMMBASE.dll
0x00007ffb6df10000 - 0x00007ffb6df5a000 	C:\WINDOWS\System32\cfgmgr32.dll
0x000000005c9d0000 - 0x000000005c9df000 	C:\Program Files\Java\jre1.8.0_161\bin\verify.dll
0x000000005c9a0000 - 0x000000005c9c9000 	C:\Program Files\Java\jre1.8.0_161\bin\java.dll
0x000000005c980000 - 0x000000005c996000 	C:\Program Files\Java\jre1.8.0_161\bin\zip.dll
0x00007ffb6f3e0000 - 0x00007ffb70816000 	C:\WINDOWS\System32\SHELL32.dll
0x00007ffb71470000 - 0x00007ffb71516000 	C:\WINDOWS\System32\shcore.dll
0x00007ffb6e1e0000 - 0x00007ffb6e927000 	C:\WINDOWS\System32\windows.storage.dll
0x00007ffb6f070000 - 0x00007ffb6f0c1000 	C:\WINDOWS\System32\shlwapi.dll
0x00007ffb6dac0000 - 0x00007ffb6dad1000 	C:\WINDOWS\System32\kernel.appcore.dll
0x00007ffb6dae0000 - 0x00007ffb6db2c000 	C:\WINDOWS\System32\powrprof.dll
0x00007ffb6db30000 - 0x00007ffb6db4b000 	C:\WINDOWS\System32\profapi.dll
0x000000005c960000 - 0x000000005c97a000 	C:\Program Files\Java\jre1.8.0_161\bin\net.dll
0x00007ffb6d350000 - 0x00007ffb6d3b6000 	C:\WINDOWS\system32\mswsock.dll
0x000000005c940000 - 0x000000005c951000 	C:\Program Files\Java\jre1.8.0_161\bin\nio.dll
0x00007ffb571e0000 - 0x00007ffb57238000 	C:\Users\rekik\AppData\Local\Temp\lwjglrekik\3.1.3-build-1\lwjgl.dll
0x00007ffb559f0000 - 0x00007ffb55a2d000 	C:\Users\rekik\AppData\Local\Temp\lwjglrekik\3.1.3-build-1\glfw.dll
0x00007ffb6b430000 - 0x00007ffb6b4c5000 	C:\WINDOWS\system32\uxtheme.dll
0x00007ffb52c80000 - 0x00007ffb52cc3000 	C:\WINDOWS\SYSTEM32\dinput8.dll
0x00007ffb61dc0000 - 0x00007ffb61dd0000 	C:\WINDOWS\SYSTEM32\xinput1_4.dll
0x00007ffb6d8d0000 - 0x00007ffb6d8f7000 	C:\WINDOWS\SYSTEM32\DEVOBJ.dll
0x00007ffb6c1e0000 - 0x00007ffb6c20a000 	C:\WINDOWS\SYSTEM32\dwmapi.dll
0x00007ffb626a0000 - 0x00007ffb626ce000 	C:\WINDOWS\SYSTEM32\inputhost.dll
0x00007ffb69320000 - 0x00007ffb693fc000 	C:\WINDOWS\SYSTEM32\CoreMessaging.dll
0x00007ffb65860000 - 0x00007ffb65b4e000 	C:\WINDOWS\SYSTEM32\CoreUIComponents.dll
0x00007ffb6cc00000 - 0x00007ffb6cc31000 	C:\WINDOWS\SYSTEM32\ntmarta.dll
0x00007ffb6adf0000 - 0x00007ffb6af26000 	C:\WINDOWS\SYSTEM32\wintypes.dll
0x00007ffb6ec40000 - 0x00007ffb6eda7000 	C:\WINDOWS\System32\MSCTF.dll
0x00007ffb71230000 - 0x00007ffb712f5000 	C:\WINDOWS\System32\OLEAUT32.dll
0x00007ffb6c770000 - 0x00007ffb6c77c000 	C:\WINDOWS\SYSTEM32\HID.DLL
0x00007ffb70aa0000 - 0x00007ffb70eee000 	C:\WINDOWS\System32\SETUPAPI.DLL
0x00007ffb6dc70000 - 0x00007ffb6dcc8000 	C:\WINDOWS\System32\WINTRUST.dll
0x00007ffb6db50000 - 0x00007ffb6db62000 	C:\WINDOWS\System32\MSASN1.dll
0x00007ffb6e010000 - 0x00007ffb6e1de000 	C:\WINDOWS\System32\CRYPT32.dll
0x00007ffb49fd0000 - 0x00007ffb4a0ee000 	C:\WINDOWS\SYSTEM32\opengl32.dll
0x00007ffb4d4a0000 - 0x00007ffb4d4cc000 	C:\WINDOWS\SYSTEM32\GLU32.dll
0x00007ffb228d0000 - 0x00007ffb235e9000 	C:\WINDOWS\SYSTEM32\ig8icd64.dll
0x00007ffb6c7b0000 - 0x00007ffb6c7c3000 	C:\WINDOWS\SYSTEM32\WTSAPI32.dll
0x00007ffb5fe80000 - 0x00007ffb608c0000 	C:\WINDOWS\SYSTEM32\igdusc64.dll
0x00007ffb6c7d0000 - 0x00007ffb6c87f000 	C:\WINDOWS\SYSTEM32\dxgi.dll
0x00007ffb69400000 - 0x00007ffb696e2000 	C:\WINDOWS\SYSTEM32\d3d11.dll
0x00007ffb60b20000 - 0x00007ffb61a7c000 	C:\WINDOWS\SYSTEM32\igd10iumd64.dll
0x00007ffb6d5f0000 - 0x00007ffb6d616000 	C:\WINDOWS\SYSTEM32\ncrypt.dll
0x00007ffb6d620000 - 0x00007ffb6d645000 	C:\WINDOWS\SYSTEM32\bcrypt.dll
0x00007ffb6d5b0000 - 0x00007ffb6d5e6000 	C:\WINDOWS\SYSTEM32\NTASN1.dll
0x00007ffb65c50000 - 0x00007ffb65ce8000 	C:\WINDOWS\System32\TextInputFramework.dll
0x00007ffb52c40000 - 0x00007ffb52c7c000 	C:\Users\rekik\AppData\Local\Temp\lwjglrekik\3.1.3-build-1\jemalloc.dll
0x00007ffb52990000 - 0x00007ffb529ec000 	C:\Users\rekik\AppData\Local\Temp\lwjglrekik\3.1.3-build-1\lwjgl_opengl.dll
0x00007ffb528a0000 - 0x00007ffb52990000 	C:\Users\rekik\AppData\Local\Temp\lwjglrekik\3.1.3-build-1\OpenAL.dll
0x00007ffb71300000 - 0x00007ffb71449000 	C:\WINDOWS\System32\ole32.dll
0x00007ffb6edf0000 - 0x00007ffb6ee8e000 	C:\WINDOWS\System32\clbcatq.dll
0x00007ffb67cb0000 - 0x00007ffb67d1f000 	C:\WINDOWS\System32\MMDevApi.dll
0x00007ffb6b960000 - 0x00007ffb6bb11000 	C:\WINDOWS\System32\PROPSYS.dll
0x00007ffb5f290000 - 0x00007ffb5f3b2000 	C:\WINDOWS\SYSTEM32\AUDIOSES.DLL
0x00007ffb67e00000 - 0x00007ffb67e0a000 	C:\WINDOWS\SYSTEM32\AVRT.dll
0x00007ffb6c5a0000 - 0x00007ffb6c768000 	C:\WINDOWS\SYSTEM32\dbghelp.dll

VM Arguments:
jvm_args: -Djava.library.path=C:\Users\rekik\Desktop\coding minecraft\LWJGL -Dfile.encoding=Cp1252 
java_command: com.hyper.Main
java_class_path (initial): C:\Program Files\Java\jre1.8.0_161\lib\resources.jar;C:\Program Files\Java\jre1.8.0_161\lib\rt.jar;C:\Program Files\Java\jre1.8.0_161\lib\jsse.jar;C:\Program Files\Java\jre1.8.0_161\lib\jce.jar;C:\Program Files\Java\jre1.8.0_161\lib\charsets.jar;C:\Program Files\Java\jre1.8.0_161\lib\jfr.jar;C:\Program Files\Java\jre1.8.0_161\lib\ext\access-bridge-64.jar;C:\Program Files\Java\jre1.8.0_161\lib\ext\cldrdata.jar;C:\Program Files\Java\jre1.8.0_161\lib\ext\dnsns.jar;C:\Program Files\Java\jre1.8.0_161\lib\ext\jaccess.jar;C:\Program Files\Java\jre1.8.0_161\lib\ext\jfxrt.jar;C:\Program Files\Java\jre1.8.0_161\lib\ext\localedata.jar;C:\Program Files\Java\jre1.8.0_161\lib\ext\nashorn.jar;C:\Program Files\Java\jre1.8.0_161\lib\ext\sunec.jar;C:\Program Files\Java\jre1.8.0_161\lib\ext\sunjce_provider.jar;C:\Program Files\Java\jre1.8.0_161\lib\ext\sunmscapi.jar;C:\Program Files\Java\jre1.8.0_161\lib\ext\sunpkcs11.jar;C:\Program Files\Java\jre1.8.0_161\lib\ext\zipfs.jar;C:\Users\rekik\workspace\LWJGL learning\bin;C:\Users\rekik\Desktop\coding minecraft\LWJGL\joml-1.9.3.jar;C:\Users\rekik\Desktop\coding minecraft\LWJGL\lwjgl.jar;C:\Users\rekik\Desktop\coding minecraft\LWJGL\lwjgl-assimp.jar;C:\Users\rekik\Desktop\coding minecraft\LWJGL\lwjgl-bgfx.jar;C:\Users\rekik\Desktop\coding minecraft\LWJGL\lwjgl-egl.jar;C:\Users\rekik\Desktop\coding minecraft\LWJGL\lwjgl-glfw.jar;C:\Users\rekik\Desktop\coding minecraft\LWJGL\lwjgl-jawt.jar;C:\Users\rekik\Desktop\coding minecraft\LWJGL\lwjgl-jemalloc.jar;C:\Users\rekik\Desktop\coding minecraft\LWJGL\lwjgl-lmdb.jar;C:\Users\rekik\Desktop\coding minecraft\LWJGL\lwjgl-nanovg.jar;C:\Users\rekik\Desktop\coding minecraft\LWJGL\lwjgl-nfd.jar;C:\Users\rekik\Desktop\coding minecraft\LWJGL\lwjgl-nuklear.jar;C:\Users\rekik\Desktop\coding minecraft\LWJGL\lwjgl-openal.jar;C:\Users\rekik\Desktop\coding minecraft\LWJGL\lwjgl-opencl.jar;C:\Users\rekik\Desktop\coding minecraft\LWJGL\lwjgl-opengl.jar;C:\Users\rekik\Desktop\coding mi
Launcher Type: SUN_STANDARD

Environment Variables:
PATH=C:/Program Files/Java/jre1.8.0_161/bin/server;C:/Program Files/Java/jre1.8.0_161/bin;C:/Program Files/Java/jre1.8.0_161/lib/amd64;C:\ProgramData\Oracle\Java\javapath;C:\Program Files (x86)\Intel\iCLS Client\;C:\Program Files\Intel\iCLS Client\;C:\Windows\system32;C:\Windows;C:\Windows\System32\Wbem;C:\Windows\System32\WindowsPowerShell\v1.0\;C:\Program Files (x86)\Intel\Intel(R) Management Engine Components\DAL;C:\Program Files\Intel\Intel(R) Management Engine Components\DAL;C:\Program Files (x86)\Intel\Intel(R) Management Engine Components\IPT;C:\Program Files\Intel\Intel(R) Management Engine Components\IPT;C:\Program Files (x86)\NVIDIA Corporation\PhysX\Common;C:\WINDOWS\system32;C:\WINDOWS;C:\WINDOWS\System32\Wbem;C:\WINDOWS\System32\WindowsPowerShell\v1.0\;C:\Program Files\Java\jdk1.8.0_73\bin;C:\Program Files (x86)\Skype\Phone\;C:\Users\rekik\AppData\Local\Microsoft\WindowsApps;;C:\Users\rekik\Desktop\Autres\eclipse\eclipse;
USERNAME=rekik
OS=Windows_NT
PROCESSOR_IDENTIFIER=Intel64 Family 6 Model 61 Stepping 4, GenuineIntel



---------------  S Y S T E M  ---------------

OS: Windows 10.0 , 64 bit Build 16299 (10.0.16299.15)

CPU:total 4 (initial active 4) (2 cores per cpu, 2 threads per core) family 6 model 61 stepping 4, cmov, cx8, fxsr, mmx, sse, sse2, sse3, ssse3, sse4.1, sse4.2, popcnt, avx, avx2, aes, clmul, erms, 3dnowpref, lzcnt, ht, tsc, tscinvbit, bmi1, bmi2, adx

Memory: 4k page, physical 4094316k(563536k free), swap 6453612k(1779008k free)

vm_info: Java HotSpot(TM) 64-Bit Server VM (25.161-b12) for windows-amd64 JRE (1.8.0_161-b12), built on Dec 19 2017 17:52:25 by "java_re" with MS VC++ 10.0 (VS2010)

time: Fri Mar 09 22:21:37 2018
elapsed time: 5 seconds (0d 0h 0m 5s)

