#
# A fatal error has been detected by the Java Runtime Environment:
#
#  EXCEPTION_ACCESS_VIOLATION (0xc0000005) at pc=0x00007ff97bef8c24, pid=4284, tid=0x0000000000002798
#
# JRE version: Java(TM) SE Runtime Environment (8.0_161-b12) (build 1.8.0_161-b12)
# Java VM: Java HotSpot(TM) 64-Bit Server VM (25.161-b12 mixed mode windows-amd64 compressed oops)
# Problematic frame:
# C  [glfw.dll+0x8c24]
#
# Failed to write core dump. Minidumps are not enabled by default on client versions of Windows
#
# If you would like to submit a bug report, please visit:
#   http://bugreport.java.com/bugreport/crash.jsp
# The crash happened outside the Java Virtual Machine in native code.
# See problematic frame for where to report the bug.
#

---------------  T H R E A D  ---------------

Current thread (0x00000000046e3800):  JavaThread "main" [_thread_in_native, id=10136, stack(0x0000000004500000,0x0000000004600000)]

siginfo: ExceptionCode=0xc0000005, reading address 0x0000000000034009

Registers:
RAX=0x0000000000000001, RBX=0x0000000002890380, RCX=0x0000000000034001, RDX=0x0000000000000064
RSP=0x00000000045ff240, RBP=0x00000000045ff308, RSI=0x0000000000000108, RDI=0x00000000000003ed
R8 =0x00000000045ff1e8, R9 =0x0000000000000cd6, R10=0x0000000000000000, R11=0x0000000000000246
R12=0x0000000000000000, R13=0x000000001692c490, R14=0x00000000045ff350, R15=0x00000000046e3800
RIP=0x00007ff97bef8c24, EFLAGS=0x0000000000010202

Top of Stack: (sp=0x00000000045ff240)
0x00000000045ff240:   0000000000000001 00000000000003ed
0x00000000045ff250:   00000000028950b0 0000000000000108
0x00000000045ff260:   000000001692c490 00000000047f8c67
0x00000000045ff270:   0000000000000001 0000000000000108
0x00000000045ff280:   0000000000000001 0000000000000108
0x00000000045ff290:   0000000000034001 00000000047f91c6
0x00000000045ff2a0:   000000001692bcd8 00007ff977b70000
0x00000000045ff2b0:   00000000048058e3 00000000047e56d0
0x00000000045ff2c0:   0000000000000000 00000000045ff2c8
0x00000000045ff2d0:   0000000000000000 00000000045ff350
0x00000000045ff2e0:   000000001694ac08 0000000000000000
0x00000000045ff2f0:   000000001692c490 0000000000000000
0x00000000045ff300:   00000000045ff328 00000000045ff398
0x00000000045ff310:   00000000047e835d 00000000c18009a0
0x00000000045ff320:   00000000047f21d8 0000000000034001
0x00000000045ff330:   00000000045ff398 0000000002890380 

Instructions: (pc=0x00007ff97bef8c24)
0x00007ff97bef8c04:   ec 20 48 8b d9 e8 e2 13 00 00 85 c0 74 4c 81 7b
0x00007ff97bef8c14:   70 01 40 03 00 75 35 48 8b 4b 48 48 85 c9 74 10
0x00007ff97bef8c24:   48 8b 49 08 48 83 c4 20 5b 48 ff 25 3c a7 01 00
0x00007ff97bef8c34:   ba 00 7f 00 00 33 c9 ff 15 d7 a6 01 00 48 8b c8 


Register to memory mapping:

RAX=0x0000000000000001 is an unknown value
RBX=0x0000000002890380 is an unknown value
RCX=0x0000000000034001 is an unknown value
RDX=0x0000000000000064 is an unknown value
RSP=0x00000000045ff240 is pointing into the stack for thread: 0x00000000046e3800
RBP=0x00000000045ff308 is pointing into the stack for thread: 0x00000000046e3800
RSI=0x0000000000000108 is an unknown value
RDI=0x00000000000003ed is an unknown value
R8 =0x00000000045ff1e8 is pointing into the stack for thread: 0x00000000046e3800
R9 =0x0000000000000cd6 is an unknown value
R10=0x0000000000000000 is an unknown value
R11=0x0000000000000246 is an unknown value
R12=0x0000000000000000 is an unknown value
R13={method} {0x000000001692c498} 'invokePPV' '(JJJ)V' in 'org/lwjgl/system/JNI'
R14=0x00000000045ff350 is pointing into the stack for thread: 0x00000000046e3800
R15=0x00000000046e3800 is a thread


Stack: [0x0000000004500000,0x0000000004600000],  sp=0x00000000045ff240,  free space=1020k
Native frames: (J=compiled Java code, j=interpreted, Vv=VM code, C=native code)
C  [glfw.dll+0x8c24]
C  0x00000000047f8c67

Java frames: (J=compiled Java code, j=interpreted, Vv=VM code)
j  org.lwjgl.system.JNI.invokePPV(JJJ)V+0
j  org.lwjgl.glfw.GLFW.glfwSetCursor(JJ)V+20
j  com.hyper.io.Window.update()V+14
j  com.hyper.Game.update()V+62
j  com.hyper.Main.main([Ljava/lang/String;)V+98
v  ~StubRoutines::call_stub

---------------  P R O C E S S  ---------------

Java Threads: ( => current thread )
  0x0000000018788800 JavaThread "Service Thread" daemon [_thread_blocked, id=4040, stack(0x0000000018b60000,0x0000000018c60000)]
  0x0000000016ddf000 JavaThread "C1 CompilerThread2" daemon [_thread_blocked, id=11232, stack(0x0000000018660000,0x0000000018760000)]
  0x0000000016dd3800 JavaThread "C2 CompilerThread1" daemon [_thread_blocked, id=6176, stack(0x0000000018560000,0x0000000018660000)]
  0x0000000016dcf000 JavaThread "C2 CompilerThread0" daemon [_thread_blocked, id=4884, stack(0x0000000018460000,0x0000000018560000)]
  0x0000000016dce000 JavaThread "Attach Listener" daemon [_thread_blocked, id=2976, stack(0x0000000018360000,0x0000000018460000)]
  0x0000000016dcb000 JavaThread "Signal Dispatcher" daemon [_thread_blocked, id=11112, stack(0x0000000018260000,0x0000000018360000)]
  0x0000000016dba800 JavaThread "Finalizer" daemon [_thread_blocked, id=4764, stack(0x0000000018040000,0x0000000018140000)]
  0x00000000047d2000 JavaThread "Reference Handler" daemon [_thread_blocked, id=5292, stack(0x0000000017f40000,0x0000000018040000)]
=>0x00000000046e3800 JavaThread "main" [_thread_in_native, id=10136, stack(0x0000000004500000,0x0000000004600000)]

Other Threads:
  0x0000000016d97000 VMThread [stack: 0x0000000017e40000,0x0000000017f40000] [id=11056]
  0x0000000016e2e800 WatcherThread [stack: 0x0000000018dc0000,0x0000000018ec0000] [id=1624]

VM state:not at safepoint (normal execution)

VM Mutex/Monitor currently owned by a thread: None

Heap:
 PSYoungGen      total 18944K, used 4366K [0x00000000eb300000, 0x00000000ec800000, 0x0000000100000000)
  eden space 16384K, 11% used [0x00000000eb300000,0x00000000eb4cbab8,0x00000000ec300000)
  from space 2560K, 98% used [0x00000000ec300000,0x00000000ec5780e0,0x00000000ec580000)
  to   space 2560K, 0% used [0x00000000ec580000,0x00000000ec580000,0x00000000ec800000)
 ParOldGen       total 44032K, used 1256K [0x00000000c1800000, 0x00000000c4300000, 0x00000000eb300000)
  object space 44032K, 2% used [0x00000000c1800000,0x00000000c193a0c0,0x00000000c4300000)
 Metaspace       used 9816K, capacity 10077K, committed 10240K, reserved 1058816K
  class space    used 861K, capacity 946K, committed 1024K, reserved 1048576K

Card table byte_map: [0x0000000013ba0000,0x0000000013da0000] byte_map_base: 0x0000000013594000

Marking Bits: (ParMarkBitMap*) 0x0000000053baf860
 Begin Bits: [0x00000000142f0000, 0x0000000015290000)
 End Bits:   [0x0000000015290000, 0x0000000016230000)

Polling page: 0x0000000004460000

CodeCache: size=245760Kb used=3228Kb max_used=3228Kb free=242531Kb
 bounds [0x00000000047e0000, 0x0000000004b10000, 0x00000000137e0000]
 total_blobs=1628 nmethods=785 adapters=756
 compilation: enabled

Compilation events (10 events):
Event: 2.021 Thread 0x0000000016ddf000  779       3       org.joml.Vector2f::add (32 bytes)
Event: 2.021 Thread 0x0000000016ddf000 nmethod 779 0x0000000004b06b90 code [0x0000000004b06d00, 0x0000000004b06fb0]
Event: 2.021 Thread 0x0000000016ddf000  780       3       org.joml.Vector2f::mul (22 bytes)
Event: 2.021 Thread 0x0000000016ddf000 nmethod 780 0x0000000004afe5d0 code [0x0000000004afe720, 0x0000000004afe890]
Event: 2.021 Thread 0x0000000016ddf000  781       3       org.joml.Vector2f::sub (32 bytes)
Event: 2.021 Thread 0x0000000016ddf000 nmethod 781 0x0000000004b07110 code [0x0000000004b07280, 0x0000000004b07530]
Event: 2.021 Thread 0x0000000016ddf000  782       3       org.joml.Vector2f::normalize (49 bytes)
Event: 2.021 Thread 0x0000000016ddf000 nmethod 782 0x0000000004b07a50 code [0x0000000004b07be0, 0x0000000004b07df0]
Event: 2.021 Thread 0x0000000016ddf000  784       3       sun.misc.URLClassPath$JarLoader$2::getCodeSigners (8 bytes)
Event: 2.021 Thread 0x0000000016ddf000 nmethod 784 0x0000000004b07e90 code [0x0000000004b08000, 0x0000000004b08228]

GC Heap History (2 events):
Event: 1.926 GC heap before
{Heap before GC invocations=1 (full 0):
 PSYoungGen      total 18944K, used 16384K [0x00000000eb300000, 0x00000000ec800000, 0x0000000100000000)
  eden space 16384K, 100% used [0x00000000eb300000,0x00000000ec300000,0x00000000ec300000)
  from space 2560K, 0% used [0x00000000ec580000,0x00000000ec580000,0x00000000ec800000)
  to   space 2560K, 0% used [0x00000000ec300000,0x00000000ec300000,0x00000000ec580000)
 ParOldGen       total 44032K, used 0K [0x00000000c1800000, 0x00000000c4300000, 0x00000000eb300000)
  object space 44032K, 0% used [0x00000000c1800000,0x00000000c1800000,0x00000000c4300000)
 Metaspace       used 9501K, capacity 9779K, committed 9984K, reserved 1058816K
  class space    used 834K, capacity 911K, committed 1024K, reserved 1048576K
Event: 1.931 GC heap after
Heap after GC invocations=1 (full 0):
 PSYoungGen      total 18944K, used 2528K [0x00000000eb300000, 0x00000000ec800000, 0x0000000100000000)
  eden space 16384K, 0% used [0x00000000eb300000,0x00000000eb300000,0x00000000ec300000)
  from space 2560K, 98% used [0x00000000ec300000,0x00000000ec5780e0,0x00000000ec580000)
  to   space 2560K, 0% used [0x00000000ec580000,0x00000000ec580000,0x00000000ec800000)
 ParOldGen       total 44032K, used 1256K [0x00000000c1800000, 0x00000000c4300000, 0x00000000eb300000)
  object space 44032K, 2% used [0x00000000c1800000,0x00000000c193a0c0,0x00000000c4300000)
 Metaspace       used 9501K, capacity 9779K, committed 9984K, reserved 1058816K
  class space    used 834K, capacity 911K, committed 1024K, reserved 1048576K
}

Deoptimization events (6 events):
Event: 0.102 Thread 0x00000000046e3800 Uncommon trap: reason=unstable_if action=reinterpret pc=0x00000000048fbbb8 method=java.lang.String.hashCode()I @ 14
Event: 1.947 Thread 0x00000000046e3800 Uncommon trap: reason=bimorphic action=maybe_recompile pc=0x0000000004a8efbc method=java.util.HashMap.getNode(ILjava/lang/Object;)Ljava/util/HashMap$Node; @ 126
Event: 1.988 Thread 0x00000000046e3800 Uncommon trap: reason=bimorphic action=maybe_recompile pc=0x0000000004afd698 method=com.hyper.world.World.updateHitboxes()V @ 28
Event: 1.988 Thread 0x00000000046e3800 Uncommon trap: reason=bimorphic action=maybe_recompile pc=0x0000000004afd698 method=com.hyper.world.World.updateHitboxes()V @ 28
Event: 1.988 Thread 0x00000000046e3800 Uncommon trap: reason=bimorphic action=maybe_recompile pc=0x0000000004afd698 method=com.hyper.world.World.updateHitboxes()V @ 28
Event: 1.988 Thread 0x00000000046e3800 Uncommon trap: reason=bimorphic action=maybe_recompile pc=0x0000000004afd698 method=com.hyper.world.World.updateHitboxes()V @ 28

Classes redefined (0 events):
No events

Internal exceptions (10 events):
Event: 0.077 Thread 0x00000000046e3800 Exception <a 'java/io/FileNotFoundException'> (0x00000000eb381420) thrown at [C:\re\workspace\8-2-build-windows-amd64-cygwin\jdk8u161\10277\hotspot\src\share\vm\prims\jni.cpp, line 709]
Event: 0.136 Thread 0x00000000046e3800 Exception <a 'java/lang/NoSuchMethodError': java.lang.Object.lambda$static$0(Ljava/lang/String;)Ljava/lang/Boolean;> (0x00000000eb4f4d68) thrown at [C:\re\workspace\8-2-build-windows-amd64-cygwin\jdk8u161\10277\hotspot\src\share\vm\interpreter\linkResolve
Event: 0.151 Thread 0x00000000046e3800 Exception <a 'java/lang/NoSuchFieldError': method resolution failed> (0x00000000eb56ce50) thrown at [C:\re\workspace\8-2-build-windows-amd64-cygwin\jdk8u161\10277\hotspot\src\share\vm\prims\methodHandles.cpp, line 1167]
Event: 0.153 Thread 0x00000000046e3800 Exception <a 'java/lang/NoSuchFieldError': method resolution failed> (0x00000000eb57a220) thrown at [C:\re\workspace\8-2-build-windows-amd64-cygwin\jdk8u161\10277\hotspot\src\share\vm\prims\methodHandles.cpp, line 1167]
Event: 0.203 Thread 0x00000000046e3800 Exception <a 'java/security/PrivilegedActionException'> (0x00000000eb6c54c0) thrown at [C:\re\workspace\8-2-build-windows-amd64-cygwin\jdk8u161\10277\hotspot\src\share\vm\prims\jvm.cpp, line 1390]
Event: 0.203 Thread 0x00000000046e3800 Exception <a 'java/security/PrivilegedActionException'> (0x00000000eb6c56d0) thrown at [C:\re\workspace\8-2-build-windows-amd64-cygwin\jdk8u161\10277\hotspot\src\share\vm\prims\jvm.cpp, line 1390]
Event: 0.204 Thread 0x00000000046e3800 Exception <a 'java/security/PrivilegedActionException'> (0x00000000eb6c9340) thrown at [C:\re\workspace\8-2-build-windows-amd64-cygwin\jdk8u161\10277\hotspot\src\share\vm\prims\jvm.cpp, line 1390]
Event: 0.204 Thread 0x00000000046e3800 Exception <a 'java/security/PrivilegedActionException'> (0x00000000eb6c9550) thrown at [C:\re\workspace\8-2-build-windows-amd64-cygwin\jdk8u161\10277\hotspot\src\share\vm\prims\jvm.cpp, line 1390]
Event: 1.353 Thread 0x00000000046e3800 Exception <a 'sun/nio/fs/WindowsException'> (0x00000000eb9c3508) thrown at [C:\re\workspace\8-2-build-windows-amd64-cygwin\jdk8u161\10277\hotspot\src\share\vm\prims\jni.cpp, line 709]
Event: 1.353 Thread 0x00000000046e3800 Exception <a 'sun/nio/fs/WindowsException'> (0x00000000eb9c3ce8) thrown at [C:\re\workspace\8-2-build-windows-amd64-cygwin\jdk8u161\10277\hotspot\src\share\vm\prims\jni.cpp, line 709]

Events (10 events):
Event: 2.015 loading class java/util/concurrent/TimeoutException
Event: 2.015 loading class java/util/concurrent/TimeoutException done
Event: 2.015 loading class org/joml/Math
Event: 2.015 loading class org/joml/Math done
Event: 2.016 loading class java/lang/Math$RandomNumberGeneratorHolder
Event: 2.017 loading class java/lang/Math$RandomNumberGeneratorHolder done
Event: 2.017 loading class java/util/Random
Event: 2.017 loading class java/util/Random done
Event: 2.021 loading class org/lwjgl/openal/AL$ICDStatic$WriteOnce
Event: 2.021 loading class org/lwjgl/openal/AL$ICDStatic$WriteOnce done


Dynamic libraries:
0x00007ff70a960000 - 0x00007ff70a997000 	C:\Program Files\Java\jre1.8.0_161\bin\javaw.exe
0x00007ff9945f0000 - 0x00007ff9947d0000 	C:\WINDOWS\SYSTEM32\ntdll.dll
0x00007ff992230000 - 0x00007ff9922de000 	C:\WINDOWS\System32\KERNEL32.DLL
0x00007ff990be0000 - 0x00007ff990e46000 	C:\WINDOWS\System32\KERNELBASE.dll
0x00007ff993c10000 - 0x00007ff993cb1000 	C:\WINDOWS\System32\ADVAPI32.dll
0x00007ff993cd0000 - 0x00007ff993d6d000 	C:\WINDOWS\System32\msvcrt.dll
0x00007ff994240000 - 0x00007ff99429b000 	C:\WINDOWS\System32\sechost.dll
0x00007ff992440000 - 0x00007ff99255f000 	C:\WINDOWS\System32\RPCRT4.dll
0x00007ff994430000 - 0x00007ff9945bf000 	C:\WINDOWS\System32\USER32.dll
0x00007ff990bc0000 - 0x00007ff990be0000 	C:\WINDOWS\System32\win32u.dll
0x00007ff992030000 - 0x00007ff992058000 	C:\WINDOWS\System32\GDI32.dll
0x00007ff990f40000 - 0x00007ff9910d3000 	C:\WINDOWS\System32\gdi32full.dll
0x00007ff990ea0000 - 0x00007ff990f3b000 	C:\WINDOWS\System32\msvcp_win.dll
0x00007ff991910000 - 0x00007ff991a06000 	C:\WINDOWS\System32\ucrtbase.dll
0x00007ff9883a0000 - 0x00007ff988609000 	C:\WINDOWS\WinSxS\amd64_microsoft.windows.common-controls_6595b64144ccf1df_6.0.16299.371_none_15c7d1789365a290\COMCTL32.dll
0x00007ff991d20000 - 0x00007ff992028000 	C:\WINDOWS\System32\combase.dll
0x00007ff991890000 - 0x00007ff991902000 	C:\WINDOWS\System32\bcryptPrimitives.dll
0x00007ff9923b0000 - 0x00007ff9923dd000 	C:\WINDOWS\System32\IMM32.DLL
0x00000000530e0000 - 0x00000000531b2000 	C:\Program Files\Java\jre1.8.0_161\bin\msvcr100.dll
0x0000000053390000 - 0x0000000053c2f000 	C:\Program Files\Java\jre1.8.0_161\bin\server\jvm.dll
0x00007ff993d70000 - 0x00007ff993d78000 	C:\WINDOWS\System32\PSAPI.DLL
0x00007ff98f8b0000 - 0x00007ff98f8b9000 	C:\WINDOWS\SYSTEM32\WSOCK32.dll
0x00007ff9871c0000 - 0x00007ff9871ca000 	C:\WINDOWS\SYSTEM32\VERSION.dll
0x00007ff97db50000 - 0x00007ff97db73000 	C:\WINDOWS\SYSTEM32\WINMM.dll
0x00007ff993d80000 - 0x00007ff993dec000 	C:\WINDOWS\System32\WS2_32.dll
0x00007ff97d4d0000 - 0x00007ff97d4fa000 	C:\WINDOWS\SYSTEM32\WINMMBASE.dll
0x00007ff990e50000 - 0x00007ff990e9a000 	C:\WINDOWS\System32\cfgmgr32.dll
0x00000000532a0000 - 0x00000000532af000 	C:\Program Files\Java\jre1.8.0_161\bin\verify.dll
0x0000000053270000 - 0x0000000053299000 	C:\Program Files\Java\jre1.8.0_161\bin\java.dll
0x0000000053250000 - 0x0000000053266000 	C:\Program Files\Java\jre1.8.0_161\bin\zip.dll
0x00007ff992680000 - 0x00007ff993ab6000 	C:\WINDOWS\System32\SHELL32.dll
0x00007ff991c60000 - 0x00007ff991d06000 	C:\WINDOWS\System32\shcore.dll
0x00007ff9910e0000 - 0x00007ff991827000 	C:\WINDOWS\System32\windows.storage.dll
0x00007ff9943d0000 - 0x00007ff994421000 	C:\WINDOWS\System32\shlwapi.dll
0x00007ff990980000 - 0x00007ff990991000 	C:\WINDOWS\System32\kernel.appcore.dll
0x00007ff9909a0000 - 0x00007ff9909ec000 	C:\WINDOWS\System32\powrprof.dll
0x00007ff990940000 - 0x00007ff99095b000 	C:\WINDOWS\System32\profapi.dll
0x0000000053230000 - 0x000000005324a000 	C:\Program Files\Java\jre1.8.0_161\bin\net.dll
0x00007ff9901d0000 - 0x00007ff990236000 	C:\WINDOWS\system32\mswsock.dll
0x0000000053210000 - 0x0000000053221000 	C:\Program Files\Java\jre1.8.0_161\bin\nio.dll
0x00007ff976bf0000 - 0x00007ff976c48000 	C:\Users\rekik\AppData\Local\Temp\lwjglrekik\3.1.3-build-1\lwjgl.dll
0x00007ff97bef0000 - 0x00007ff97bf2d000 	C:\Users\rekik\AppData\Local\Temp\lwjglrekik\3.1.3-build-1\glfw.dll
0x00007ff98ed20000 - 0x00007ff98edb5000 	C:\WINDOWS\system32\uxtheme.dll
0x00007ff97b590000 - 0x00007ff97b5d3000 	C:\WINDOWS\SYSTEM32\dinput8.dll
0x00007ff98ac60000 - 0x00007ff98ac70000 	C:\WINDOWS\SYSTEM32\xinput1_4.dll
0x00007ff990750000 - 0x00007ff990777000 	C:\WINDOWS\SYSTEM32\DEVOBJ.dll
0x00007ff98ef70000 - 0x00007ff98ef9a000 	C:\WINDOWS\SYSTEM32\dwmapi.dll
0x00007ff97b7e0000 - 0x00007ff97b80e000 	C:\WINDOWS\SYSTEM32\inputhost.dll
0x00007ff97a6f0000 - 0x00007ff97a9de000 	C:\WINDOWS\SYSTEM32\CoreUIComponents.dll
0x00007ff98cf70000 - 0x00007ff98d04c000 	C:\WINDOWS\SYSTEM32\CoreMessaging.dll
0x00007ff98fa70000 - 0x00007ff98faa1000 	C:\WINDOWS\SYSTEM32\ntmarta.dll
0x00007ff98c960000 - 0x00007ff98ca96000 	C:\WINDOWS\SYSTEM32\wintypes.dll
0x00007ff9920c0000 - 0x00007ff992227000 	C:\WINDOWS\System32\MSCTF.dll
0x00007ff9922e0000 - 0x00007ff9923a5000 	C:\WINDOWS\System32\OLEAUT32.dll
0x00007ff98f1c0000 - 0x00007ff98f1cc000 	C:\WINDOWS\SYSTEM32\HID.DLL
0x00007ff993df0000 - 0x00007ff99423e000 	C:\WINDOWS\System32\SETUPAPI.DLL
0x00007ff991830000 - 0x00007ff991888000 	C:\WINDOWS\System32\WINTRUST.dll
0x00007ff990960000 - 0x00007ff990972000 	C:\WINDOWS\System32\MSASN1.dll
0x00007ff9909f0000 - 0x00007ff990bbe000 	C:\WINDOWS\System32\CRYPT32.dll
0x00007ff977b70000 - 0x00007ff977c8e000 	C:\WINDOWS\SYSTEM32\opengl32.dll
0x00007ff9877e0000 - 0x00007ff98780c000 	C:\WINDOWS\SYSTEM32\GLU32.dll
0x00007ff944120000 - 0x00007ff944e39000 	C:\WINDOWS\SYSTEM32\ig8icd64.dll
0x00007ff98f8c0000 - 0x00007ff98f8d3000 	C:\WINDOWS\SYSTEM32\WTSAPI32.dll
0x00007ff9782f0000 - 0x00007ff978d30000 	C:\WINDOWS\SYSTEM32\igdusc64.dll
0x00007ff977700000 - 0x00007ff977798000 	C:\WINDOWS\System32\TextInputFramework.dll
0x00007ff98f250000 - 0x00007ff98f2ff000 	C:\WINDOWS\SYSTEM32\dxgi.dll
0x00007ff98d070000 - 0x00007ff98d352000 	C:\WINDOWS\SYSTEM32\d3d11.dll
0x00007ff978d30000 - 0x00007ff979c8c000 	C:\WINDOWS\SYSTEM32\igd10iumd64.dll
0x00007ff990470000 - 0x00007ff990496000 	C:\WINDOWS\SYSTEM32\ncrypt.dll
0x00007ff9904a0000 - 0x00007ff9904c5000 	C:\WINDOWS\SYSTEM32\bcrypt.dll
0x00007ff990430000 - 0x00007ff990466000 	C:\WINDOWS\SYSTEM32\NTASN1.dll
0x00007ff976510000 - 0x00007ff97654c000 	C:\Users\rekik\AppData\Local\Temp\lwjglrekik\3.1.3-build-1\jemalloc.dll
0x00007ff975f10000 - 0x00007ff975f6c000 	C:\Users\rekik\AppData\Local\Temp\lwjglrekik\3.1.3-build-1\lwjgl_opengl.dll
0x00007ff9635f0000 - 0x00007ff9636e0000 	C:\Users\rekik\AppData\Local\Temp\lwjglrekik\3.1.3-build-1\OpenAL.dll
0x00007ff993ac0000 - 0x00007ff993c09000 	C:\WINDOWS\System32\ole32.dll
0x00007ff9925e0000 - 0x00007ff99267e000 	C:\WINDOWS\System32\clbcatq.dll
0x00007ff98b440000 - 0x00007ff98b4af000 	C:\WINDOWS\System32\MMDevApi.dll
0x00007ff98e9b0000 - 0x00007ff98eb61000 	C:\WINDOWS\System32\PROPSYS.dll
0x00007ff97d350000 - 0x00007ff97d472000 	C:\WINDOWS\SYSTEM32\AUDIOSES.DLL
0x00007ff98c250000 - 0x00007ff98c25a000 	C:\WINDOWS\SYSTEM32\AVRT.dll
0x00007ff975e90000 - 0x00007ff975f07000 	C:\Users\rekik\AppData\Local\Temp\lwjglrekik\3.1.3-build-1\lwjgl_stb.dll
0x00007ff98f6e0000 - 0x00007ff98f8a8000 	C:\WINDOWS\SYSTEM32\dbghelp.dll

VM Arguments:
jvm_args: -Djava.library.path=C:\Users\rekik\Desktop\coding minecraft\LWJGL -Dfile.encoding=Cp1252 
java_command: com.hyper.Main
java_class_path (initial): C:\Program Files\Java\jre1.8.0_161\lib\resources.jar;C:\Program Files\Java\jre1.8.0_161\lib\rt.jar;C:\Program Files\Java\jre1.8.0_161\lib\jsse.jar;C:\Program Files\Java\jre1.8.0_161\lib\jce.jar;C:\Program Files\Java\jre1.8.0_161\lib\charsets.jar;C:\Program Files\Java\jre1.8.0_161\lib\jfr.jar;C:\Program Files\Java\jre1.8.0_161\lib\ext\access-bridge-64.jar;C:\Program Files\Java\jre1.8.0_161\lib\ext\cldrdata.jar;C:\Program Files\Java\jre1.8.0_161\lib\ext\dnsns.jar;C:\Program Files\Java\jre1.8.0_161\lib\ext\jaccess.jar;C:\Program Files\Java\jre1.8.0_161\lib\ext\jfxrt.jar;C:\Program Files\Java\jre1.8.0_161\lib\ext\localedata.jar;C:\Program Files\Java\jre1.8.0_161\lib\ext\nashorn.jar;C:\Program Files\Java\jre1.8.0_161\lib\ext\sunec.jar;C:\Program Files\Java\jre1.8.0_161\lib\ext\sunjce_provider.jar;C:\Program Files\Java\jre1.8.0_161\lib\ext\sunmscapi.jar;C:\Program Files\Java\jre1.8.0_161\lib\ext\sunpkcs11.jar;C:\Program Files\Java\jre1.8.0_161\lib\ext\zipfs.jar;C:\Users\rekik\workspace\LWJGL learning\bin;C:\Users\rekik\Desktop\coding minecraft\LWJGL\joml-1.9.3.jar;C:\Users\rekik\Desktop\coding minecraft\LWJGL\lwjgl.jar;C:\Users\rekik\Desktop\coding minecraft\LWJGL\lwjgl-assimp.jar;C:\Users\rekik\Desktop\coding minecraft\LWJGL\lwjgl-bgfx.jar;C:\Users\rekik\Desktop\coding minecraft\LWJGL\lwjgl-egl.jar;C:\Users\rekik\Desktop\coding minecraft\LWJGL\lwjgl-glfw.jar;C:\Users\rekik\Desktop\coding minecraft\LWJGL\lwjgl-jawt.jar;C:\Users\rekik\Desktop\coding minecraft\LWJGL\lwjgl-jemalloc.jar;C:\Users\rekik\Desktop\coding minecraft\LWJGL\lwjgl-lmdb.jar;C:\Users\rekik\Desktop\coding minecraft\LWJGL\lwjgl-nanovg.jar;C:\Users\rekik\Desktop\coding minecraft\LWJGL\lwjgl-nfd.jar;C:\Users\rekik\Desktop\coding minecraft\LWJGL\lwjgl-nuklear.jar;C:\Users\rekik\Desktop\coding minecraft\LWJGL\lwjgl-openal.jar;C:\Users\rekik\Desktop\coding minecraft\LWJGL\lwjgl-opencl.jar;C:\Users\rekik\Desktop\coding minecraft\LWJGL\lwjgl-opengl.jar;C:\Users\rekik\Desktop\coding mi
Launcher Type: SUN_STANDARD

Environment Variables:
PATH=C:/Program Files/Java/jre1.8.0_161/bin/server;C:/Program Files/Java/jre1.8.0_161/bin;C:/Program Files/Java/jre1.8.0_161/lib/amd64;C:\ProgramData\Oracle\Java\javapath;C:\Program Files (x86)\Intel\iCLS Client\;C:\Program Files\Intel\iCLS Client\;C:\Windows\system32;C:\Windows;C:\Windows\System32\Wbem;C:\Windows\System32\WindowsPowerShell\v1.0\;C:\Program Files (x86)\Intel\Intel(R) Management Engine Components\DAL;C:\Program Files\Intel\Intel(R) Management Engine Components\DAL;C:\Program Files (x86)\Intel\Intel(R) Management Engine Components\IPT;C:\Program Files\Intel\Intel(R) Management Engine Components\IPT;C:\Program Files (x86)\NVIDIA Corporation\PhysX\Common;C:\WINDOWS\system32;C:\WINDOWS;C:\WINDOWS\System32\Wbem;C:\WINDOWS\System32\WindowsPowerShell\v1.0\;C:\Program Files\Java\jdk1.8.0_73\bin;C:\Program Files (x86)\Skype\Phone\;C:\Users\rekik\AppData\Local\Microsoft\WindowsApps;;C:\Users\rekik\Desktop;
USERNAME=rekik
OS=Windows_NT
PROCESSOR_IDENTIFIER=Intel64 Family 6 Model 61 Stepping 4, GenuineIntel



---------------  S Y S T E M  ---------------

OS: Windows 10.0 , 64 bit Build 16299 (10.0.16299.15)

CPU:total 4 (initial active 4) (2 cores per cpu, 2 threads per core) family 6 model 61 stepping 4, cmov, cx8, fxsr, mmx, sse, sse2, sse3, ssse3, sse4.1, sse4.2, popcnt, avx, avx2, aes, clmul, erms, 3dnowpref, lzcnt, ht, tsc, tscinvbit, bmi1, bmi2, adx

Memory: 4k page, physical 4094316k(980904k free), swap 6191468k(1552488k free)

vm_info: Java HotSpot(TM) 64-Bit Server VM (25.161-b12) for windows-amd64 JRE (1.8.0_161-b12), built on Dec 19 2017 17:52:25 by "java_re" with MS VC++ 10.0 (VS2010)

time: Sat Apr 14 19:14:39 2018
elapsed time: 2 seconds (0d 0h 0m 2s)

