#
# A fatal error has been detected by the Java Runtime Environment:
#
#  EXCEPTION_ACCESS_VIOLATION (0xc0000005) at pc=0x00007ff9fa9cdb30, pid=4852, tid=0x0000000000002650
#
# JRE version: Java(TM) SE Runtime Environment (8.0_161-b12) (build 1.8.0_161-b12)
# Java VM: Java HotSpot(TM) 64-Bit Server VM (25.161-b12 mixed mode windows-amd64 compressed oops)
# Problematic frame:
# C  [ntdll.dll+0x2db30]
#
# Failed to write core dump. Minidumps are not enabled by default on client versions of Windows
#
# If you would like to submit a bug report, please visit:
#   http://bugreport.java.com/bugreport/crash.jsp
# The crash happened outside the Java Virtual Machine in native code.
# See problematic frame for where to report the bug.
#

---------------  T H R E A D  ---------------

Current thread (0x0000000004cd3800):  JavaThread "main" [_thread_in_native, id=9808, stack(0x0000000004bd0000,0x0000000004cd0000)]

siginfo: ExceptionCode=0xc0000005, reading address 0xffffffffffffffff

Registers:
RAX=0x7ffffffffffff000, RBX=0x0000000019aba320, RCX=0x78076da70001002c, RDX=0x78076da70001001c
RSP=0x0000000004ccef40, RBP=0x78076da70001001c, RSI=0x0000000000000000, RDI=0x78076da70001002c
R8 =0x0000000019ab0000, R9 =0x0000000019aba320, R10=0x0000000019aba320, R11=0x000000005f671008
R12=0x0000000000000000, R13=0x0000000016f17cd8, R14=0x000000005f671008, R15=0x0000000004cd3800
RIP=0x00007ff9fa9cdb30, EFLAGS=0x0000000000010246

Top of Stack: (sp=0x0000000004ccef40)
0x0000000004ccef40:   0000000000000000 00000000718c8089
0x0000000004ccef50:   00000001000d7660 0000000000000000
0x0000000004ccef60:   0000000004ccf0f8 0000000004ccf0b8
0x0000000004ccef70:   0000bea6ef97fae2 0000000016f47020
0x0000000004ccef80:   0000000004cd3800 00007ff9eb963081
0x0000000004ccef90:   0000000000000000 0000000019ab0000
0x0000000004ccefa0:   0000000019aba320 00007ff9eb969520
0x0000000004ccefb0:   0000000000000000 00007ff9eb961e49
0x0000000004ccefc0:   0000000016f17cd8 0000000019aba320
0x0000000004ccefd0:   0000000000000006 0000000000000098
0x0000000004ccefe0:   0000000004ccf0b0 0000000004de8c67
0x0000000004cceff0:   0000000016f17cd8 0000000004ccf078
0x0000000004ccf000:   0000000019aba320 0000000004dd835d
0x0000000004ccf010:   00000000171c7f70 0000000004cd3800
0x0000000004ccf020:   0000000600000019 0000000004cd3800
0x0000000004ccf030:   0000000004ccf120 0000000004ccf038 

Instructions: (pc=0x00007ff9fa9cdb30)
0x00007ff9fa9cdb10:   8b cb e8 e9 d3 01 00 eb c4 cc cc cc cc cc cc cc
0x00007ff9fa9cdb20:   40 56 57 48 83 ec 58 33 f6 48 8b f9 89 74 24 70
0x00007ff9fa9cdb30:   f0 48 0f ba 29 00 72 07 48 83 c4 58 5f 5e c3 48
0x00007ff9fa9cdb40:   89 9c 24 80 00 00 00 48 8b 19 48 89 6c 24 50 bd 


Register to memory mapping:

RAX=0x7ffffffffffff000 is an unknown value
RBX=0x0000000019aba320 is an unknown value
RCX=0x78076da70001002c is an unknown value
RDX=0x78076da70001001c is an unknown value
RSP=0x0000000004ccef40 is pointing into the stack for thread: 0x0000000004cd3800
RBP=0x78076da70001001c is an unknown value
RSI=0x0000000000000000 is an unknown value
RDI=0x78076da70001002c is an unknown value
R8 =0x0000000019ab0000 is an unknown value
R9 =0x0000000019aba320 is an unknown value
R10=0x0000000019aba320 is an unknown value
R11=0x000000005f671008 is an unknown value
R12=0x0000000000000000 is an unknown value
R13={method} {0x0000000016f17ce0} 'invokePV' '(JJ)V' in 'org/lwjgl/system/JNI'
R14=0x000000005f671008 is an unknown value
R15=0x0000000004cd3800 is a thread


Stack: [0x0000000004bd0000,0x0000000004cd0000],  sp=0x0000000004ccef40,  free space=1019k
Native frames: (J=compiled Java code, j=interpreted, Vv=VM code, C=native code)
C  [ntdll.dll+0x2db30]
C  [jemalloc.dll+0x9520]
C  0x0000000004de8c67

Java frames: (J=compiled Java code, j=interpreted, Vv=VM code)
j  org.lwjgl.system.JNI.invokePV(JJ)V+0
j  org.lwjgl.system.jemalloc.JEmalloc.nje_free(J)V+6
j  org.lwjgl.system.jemalloc.JEmallocAllocator.free(J)V+1
j  org.lwjgl.system.MemoryUtil.nmemFree(J)V+4
j  org.lwjgl.system.MemoryUtil.memFree(Ljava/nio/Buffer;)V+4
j  com.hyper.io.sound.SoundBuffer.<init>(Ljava/nio/ByteBuffer;)V+52
j  com.hyper.io.sound.SoundHandler.init()V+91
j  com.hyper.Main.main([Ljava/lang/String;)V+67
v  ~StubRoutines::call_stub

---------------  P R O C E S S  ---------------

Java Threads: ( => current thread )
  0x0000000018d61000 JavaThread "Service Thread" daemon [_thread_blocked, id=9200, stack(0x0000000019140000,0x0000000019240000)]
  0x00000000173ed000 JavaThread "C1 CompilerThread2" daemon [_thread_blocked, id=12780, stack(0x0000000018c40000,0x0000000018d40000)]
  0x00000000173c4000 JavaThread "C2 CompilerThread1" daemon [_thread_blocked, id=6184, stack(0x0000000018b40000,0x0000000018c40000)]
  0x00000000173bf000 JavaThread "C2 CompilerThread0" daemon [_thread_blocked, id=2892, stack(0x0000000018a40000,0x0000000018b40000)]
  0x00000000173be000 JavaThread "Attach Listener" daemon [_thread_blocked, id=3992, stack(0x0000000018940000,0x0000000018a40000)]
  0x00000000173bc800 JavaThread "Signal Dispatcher" daemon [_thread_blocked, id=10204, stack(0x0000000018840000,0x0000000018940000)]
  0x00000000173aa800 JavaThread "Finalizer" daemon [_thread_blocked, id=11044, stack(0x0000000018620000,0x0000000018720000)]
  0x0000000004dc2000 JavaThread "Reference Handler" daemon [_thread_blocked, id=6472, stack(0x0000000018520000,0x0000000018620000)]
=>0x0000000004cd3800 JavaThread "main" [_thread_in_native, id=9808, stack(0x0000000004bd0000,0x0000000004cd0000)]

Other Threads:
  0x0000000017387000 VMThread [stack: 0x0000000018420000,0x0000000018520000] [id=2060]
  0x0000000018d62800 WatcherThread [stack: 0x0000000019600000,0x0000000019700000] [id=7860]

VM state:not at safepoint (normal execution)

VM Mutex/Monitor currently owned by a thread: None

Heap:
 PSYoungGen      total 18944K, used 14470K [0x00000000eb300000, 0x00000000ec800000, 0x0000000100000000)
  eden space 16384K, 88% used [0x00000000eb300000,0x00000000ec121860,0x00000000ec300000)
  from space 2560K, 0% used [0x00000000ec580000,0x00000000ec580000,0x00000000ec800000)
  to   space 2560K, 0% used [0x00000000ec300000,0x00000000ec300000,0x00000000ec580000)
 ParOldGen       total 44032K, used 0K [0x00000000c1800000, 0x00000000c4300000, 0x00000000eb300000)
  object space 44032K, 0% used [0x00000000c1800000,0x00000000c1800000,0x00000000c4300000)
 Metaspace       used 8472K, capacity 8769K, committed 8832K, reserved 1056768K
  class space    used 782K, capacity 878K, committed 896K, reserved 1048576K

Card table byte_map: [0x0000000014190000,0x0000000014390000] byte_map_base: 0x0000000013b84000

Marking Bits: (ParMarkBitMap*) 0x000000007202f860
 Begin Bits: [0x00000000148e0000, 0x0000000015880000)
 End Bits:   [0x0000000015880000, 0x0000000016820000)

Polling page: 0x00000000049f0000

CodeCache: size=245760Kb used=2906Kb max_used=2918Kb free=242853Kb
 bounds [0x0000000004dd0000, 0x00000000050b0000, 0x0000000013dd0000]
 total_blobs=1466 nmethods=676 adapters=703
 compilation: enabled

Compilation events (10 events):
Event: 1.017 Thread 0x00000000173ed000  669   !   3       java.lang.ClassLoader::getPackage (118 bytes)
Event: 1.018 Thread 0x00000000173bf000 nmethod 672 0x00000000050a0a10 code [0x00000000050a0b40, 0x00000000050a0b98]
Event: 1.018 Thread 0x00000000173ed000 nmethod 669 0x00000000050a0cd0 code [0x00000000050a0ee0, 0x00000000050a1c18]
Event: 1.022 Thread 0x00000000173ed000  673       3       org.lwjgl.system.Checks::checkFunctions (34 bytes)
Event: 1.022 Thread 0x00000000173c4000  674       4       java.lang.AbstractStringBuilder::append (50 bytes)
Event: 1.022 Thread 0x00000000173ed000 nmethod 673 0x00000000050a7350 code [0x00000000050a74c0, 0x00000000050a7710]
Event: 1.023 Thread 0x00000000173bf000  675       4       java.util.ArrayList::add (29 bytes)
Event: 1.024 Thread 0x00000000173bf000 nmethod 675 0x00000000050a6f10 code [0x00000000050a7060, 0x00000000050a71c8]
Event: 1.027 Thread 0x00000000173ed000  676       3       java.util.HashMap::afterNodeAccess (1 bytes)
Event: 1.027 Thread 0x00000000173ed000 nmethod 676 0x00000000050a6c10 code [0x00000000050a6d60, 0x00000000050a6eb0]

GC Heap History (0 events):
No events

Deoptimization events (1 events):
Event: 0.134 Thread 0x0000000004cd3800 Uncommon trap: reason=unstable_if action=reinterpret pc=0x0000000004eefe38 method=java.lang.String.hashCode()I @ 14

Classes redefined (0 events):
No events

Internal exceptions (10 events):
Event: 0.095 Thread 0x0000000004cd3800 Exception <a 'java/io/FileNotFoundException'> (0x00000000eb381420) thrown at [C:\re\workspace\8-2-build-windows-amd64-cygwin\jdk8u161\10277\hotspot\src\share\vm\prims\jni.cpp, line 709]
Event: 0.173 Thread 0x0000000004cd3800 Exception <a 'java/lang/NoSuchMethodError': java.lang.Object.lambda$static$0(Ljava/lang/String;)Ljava/lang/Boolean;> (0x00000000eb4f4d68) thrown at [C:\re\workspace\8-2-build-windows-amd64-cygwin\jdk8u161\10277\hotspot\src\share\vm\interpreter\linkResolve
Event: 0.186 Thread 0x0000000004cd3800 Exception <a 'java/lang/NoSuchFieldError': method resolution failed> (0x00000000eb56ce50) thrown at [C:\re\workspace\8-2-build-windows-amd64-cygwin\jdk8u161\10277\hotspot\src\share\vm\prims\methodHandles.cpp, line 1167]
Event: 0.188 Thread 0x0000000004cd3800 Exception <a 'java/lang/NoSuchFieldError': method resolution failed> (0x00000000eb57a220) thrown at [C:\re\workspace\8-2-build-windows-amd64-cygwin\jdk8u161\10277\hotspot\src\share\vm\prims\methodHandles.cpp, line 1167]
Event: 0.233 Thread 0x0000000004cd3800 Exception <a 'java/security/PrivilegedActionException'> (0x00000000eb6c54c0) thrown at [C:\re\workspace\8-2-build-windows-amd64-cygwin\jdk8u161\10277\hotspot\src\share\vm\prims\jvm.cpp, line 1390]
Event: 0.234 Thread 0x0000000004cd3800 Exception <a 'java/security/PrivilegedActionException'> (0x00000000eb6c56d0) thrown at [C:\re\workspace\8-2-build-windows-amd64-cygwin\jdk8u161\10277\hotspot\src\share\vm\prims\jvm.cpp, line 1390]
Event: 0.234 Thread 0x0000000004cd3800 Exception <a 'java/security/PrivilegedActionException'> (0x00000000eb6c9340) thrown at [C:\re\workspace\8-2-build-windows-amd64-cygwin\jdk8u161\10277\hotspot\src\share\vm\prims\jvm.cpp, line 1390]
Event: 0.234 Thread 0x0000000004cd3800 Exception <a 'java/security/PrivilegedActionException'> (0x00000000eb6c9550) thrown at [C:\re\workspace\8-2-build-windows-amd64-cygwin\jdk8u161\10277\hotspot\src\share\vm\prims\jvm.cpp, line 1390]
Event: 0.727 Thread 0x0000000004cd3800 Exception <a 'sun/nio/fs/WindowsException'> (0x00000000eb9b0728) thrown at [C:\re\workspace\8-2-build-windows-amd64-cygwin\jdk8u161\10277\hotspot\src\share\vm\prims\jni.cpp, line 709]
Event: 0.727 Thread 0x0000000004cd3800 Exception <a 'sun/nio/fs/WindowsException'> (0x00000000eb9b0f08) thrown at [C:\re\workspace\8-2-build-windows-amd64-cygwin\jdk8u161\10277\hotspot\src\share\vm\prims\jni.cpp, line 709]

Events (10 events):
Event: 1.024 loading class com/hyper/io/sound/Utils
Event: 1.024 loading class com/hyper/io/sound/Utils done
Event: 1.024 loading class com/hyper/io/sound/SoundBuffer
Event: 1.024 loading class com/hyper/io/sound/SoundBuffer done
Event: 1.025 loading class org/lwjgl/openal/AL$ICDStatic$WriteOnce
Event: 1.025 loading class org/lwjgl/openal/AL$ICDStatic$WriteOnce done
Event: 1.026 loading class org/lwjgl/stb/STBVorbisInfo
Event: 1.026 loading class org/lwjgl/stb/STBVorbisInfo done
Event: 1.027 loading class org/lwjgl/system/jemalloc/JEmalloc$Functions
Event: 1.027 loading class org/lwjgl/system/jemalloc/JEmalloc$Functions done


Dynamic libraries:
0x00007ff6b0280000 - 0x00007ff6b02b7000 	C:\Program Files\Java\jre1.8.0_161\bin\javaw.exe
0x00007ff9fa9a0000 - 0x00007ff9fab80000 	C:\WINDOWS\SYSTEM32\ntdll.dll
0x00007ff9fa7f0000 - 0x00007ff9fa89e000 	C:\WINDOWS\System32\KERNEL32.DLL
0x00007ff9f7040000 - 0x00007ff9f72a6000 	C:\WINDOWS\System32\KERNELBASE.dll
0x00007ff9f9e40000 - 0x00007ff9f9ee1000 	C:\WINDOWS\System32\ADVAPI32.dll
0x00007ff9f9380000 - 0x00007ff9f941d000 	C:\WINDOWS\System32\msvcrt.dll
0x00007ff9f92c0000 - 0x00007ff9f931b000 	C:\WINDOWS\System32\sechost.dll
0x00007ff9fa3e0000 - 0x00007ff9fa4ff000 	C:\WINDOWS\System32\RPCRT4.dll
0x00007ff9fa220000 - 0x00007ff9fa3af000 	C:\WINDOWS\System32\USER32.dll
0x00007ff9f7be0000 - 0x00007ff9f7c00000 	C:\WINDOWS\System32\win32u.dll
0x00007ff9f9df0000 - 0x00007ff9f9e18000 	C:\WINDOWS\System32\GDI32.dll
0x00007ff9f6da0000 - 0x00007ff9f6f33000 	C:\WINDOWS\System32\gdi32full.dll
0x00007ff9f7c00000 - 0x00007ff9f7c9b000 	C:\WINDOWS\System32\msvcp_win.dll
0x00007ff9f7a80000 - 0x00007ff9f7b76000 	C:\WINDOWS\System32\ucrtbase.dll
0x00007ff9eea70000 - 0x00007ff9eecd9000 	C:\WINDOWS\WinSxS\amd64_microsoft.windows.common-controls_6595b64144ccf1df_6.0.16299.248_none_15ced204935f55d7\COMCTL32.dll
0x00007ff9f9540000 - 0x00007ff9f9848000 	C:\WINDOWS\System32\combase.dll
0x00007ff9f7a00000 - 0x00007ff9f7a72000 	C:\WINDOWS\System32\bcryptPrimitives.dll
0x00007ff9fa3b0000 - 0x00007ff9fa3dd000 	C:\WINDOWS\System32\IMM32.DLL
0x00000000722f0000 - 0x00000000723c2000 	C:\Program Files\Java\jre1.8.0_161\bin\msvcr100.dll
0x0000000071810000 - 0x00000000720af000 	C:\Program Files\Java\jre1.8.0_161\bin\server\jvm.dll
0x00007ff9f9e30000 - 0x00007ff9f9e38000 	C:\WINDOWS\System32\PSAPI.DLL
0x00007ff9f3810000 - 0x00007ff9f3833000 	C:\WINDOWS\SYSTEM32\WINMM.dll
0x00007ff9f59d0000 - 0x00007ff9f59d9000 	C:\WINDOWS\SYSTEM32\WSOCK32.dll
0x00007ff9f2540000 - 0x00007ff9f254a000 	C:\WINDOWS\SYSTEM32\VERSION.dll
0x00007ff9fa780000 - 0x00007ff9fa7ec000 	C:\WINDOWS\System32\WS2_32.dll
0x00007ff9f37c0000 - 0x00007ff9f37ea000 	C:\WINDOWS\SYSTEM32\WINMMBASE.dll
0x00007ff9f6ff0000 - 0x00007ff9f703a000 	C:\WINDOWS\System32\cfgmgr32.dll
0x0000000072630000 - 0x000000007263f000 	C:\Program Files\Java\jre1.8.0_161\bin\verify.dll
0x0000000072600000 - 0x0000000072629000 	C:\Program Files\Java\jre1.8.0_161\bin\java.dll
0x00000000725e0000 - 0x00000000725f6000 	C:\Program Files\Java\jre1.8.0_161\bin\zip.dll
0x00007ff9f7e80000 - 0x00007ff9f92b6000 	C:\WINDOWS\System32\SHELL32.dll
0x00007ff9f9ef0000 - 0x00007ff9f9f96000 	C:\WINDOWS\System32\shcore.dll
0x00007ff9f72b0000 - 0x00007ff9f79f7000 	C:\WINDOWS\System32\windows.storage.dll
0x00007ff9f9320000 - 0x00007ff9f9371000 	C:\WINDOWS\System32\shlwapi.dll
0x00007ff9f6cf0000 - 0x00007ff9f6d01000 	C:\WINDOWS\System32\kernel.appcore.dll
0x00007ff9f6d30000 - 0x00007ff9f6d7c000 	C:\WINDOWS\System32\powrprof.dll
0x00007ff9f6d10000 - 0x00007ff9f6d2b000 	C:\WINDOWS\System32\profapi.dll
0x00000000725c0000 - 0x00000000725da000 	C:\Program Files\Java\jre1.8.0_161\bin\net.dll
0x00007ff9f6580000 - 0x00007ff9f65e6000 	C:\WINDOWS\system32\mswsock.dll
0x00000000725a0000 - 0x00000000725b1000 	C:\Program Files\Java\jre1.8.0_161\bin\nio.dll
0x00007ff9edc50000 - 0x00007ff9edca8000 	C:\Users\rekik\AppData\Local\Temp\lwjglrekik\3.1.3-build-1\lwjgl.dll
0x00007ff9ebb10000 - 0x00007ff9ebb4d000 	C:\Users\rekik\AppData\Local\Temp\lwjglrekik\3.1.3-build-1\glfw.dll
0x00007ff9f4f90000 - 0x00007ff9f5025000 	C:\WINDOWS\system32\uxtheme.dll
0x00007ff9eba50000 - 0x00007ff9eba93000 	C:\WINDOWS\SYSTEM32\dinput8.dll
0x00007ff9f4400000 - 0x00007ff9f4410000 	C:\WINDOWS\SYSTEM32\xinput1_4.dll
0x00007ff9f6b00000 - 0x00007ff9f6b27000 	C:\WINDOWS\SYSTEM32\DEVOBJ.dll
0x00007ff9f5200000 - 0x00007ff9f522a000 	C:\WINDOWS\SYSTEM32\dwmapi.dll
0x00007ff9edf70000 - 0x00007ff9edf9e000 	C:\WINDOWS\SYSTEM32\inputhost.dll
0x00007ff9f19a0000 - 0x00007ff9f1a7c000 	C:\WINDOWS\SYSTEM32\CoreMessaging.dll
0x00007ff9ed130000 - 0x00007ff9ed41e000 	C:\WINDOWS\SYSTEM32\CoreUIComponents.dll
0x00007ff9f5eb0000 - 0x00007ff9f5ee1000 	C:\WINDOWS\SYSTEM32\ntmarta.dll
0x00007ff9f3870000 - 0x00007ff9f39a6000 	C:\WINDOWS\SYSTEM32\wintypes.dll
0x00007ff9f9fa0000 - 0x00007ff9fa107000 	C:\WINDOWS\System32\MSCTF.dll
0x00007ff9fa8a0000 - 0x00007ff9fa965000 	C:\WINDOWS\System32\OLEAUT32.dll
0x00007ff9f59c0000 - 0x00007ff9f59cc000 	C:\WINDOWS\SYSTEM32\HID.DLL
0x00007ff9f99a0000 - 0x00007ff9f9dee000 	C:\WINDOWS\System32\SETUPAPI.DLL
0x00007ff9f7b80000 - 0x00007ff9f7bd8000 	C:\WINDOWS\System32\WINTRUST.dll
0x00007ff9f6d80000 - 0x00007ff9f6d92000 	C:\WINDOWS\System32\MSASN1.dll
0x00007ff9f7ca0000 - 0x00007ff9f7e6e000 	C:\WINDOWS\System32\CRYPT32.dll
0x00007ff9e1540000 - 0x00007ff9e165e000 	C:\WINDOWS\SYSTEM32\opengl32.dll
0x00007ff9eb4a0000 - 0x00007ff9eb4cc000 	C:\WINDOWS\SYSTEM32\GLU32.dll
0x00007ff9c1560000 - 0x00007ff9c2279000 	C:\WINDOWS\SYSTEM32\ig8icd64.dll
0x00007ff9f59a0000 - 0x00007ff9f59b3000 	C:\WINDOWS\SYSTEM32\WTSAPI32.dll
0x00007ff9e8a90000 - 0x00007ff9e94d0000 	C:\WINDOWS\SYSTEM32\igdusc64.dll
0x00007ff9f5b60000 - 0x00007ff9f5c0f000 	C:\WINDOWS\SYSTEM32\dxgi.dll
0x00007ff9f2e40000 - 0x00007ff9f3122000 	C:\WINDOWS\SYSTEM32\d3d11.dll
0x00007ff9d6f90000 - 0x00007ff9d7eec000 	C:\WINDOWS\SYSTEM32\igd10iumd64.dll
0x00007ff9f6820000 - 0x00007ff9f6846000 	C:\WINDOWS\SYSTEM32\ncrypt.dll
0x00007ff9f6850000 - 0x00007ff9f6875000 	C:\WINDOWS\SYSTEM32\bcrypt.dll
0x00007ff9f67e0000 - 0x00007ff9f6816000 	C:\WINDOWS\SYSTEM32\NTASN1.dll
0x00007ff9ebca0000 - 0x00007ff9ebd38000 	C:\WINDOWS\System32\TextInputFramework.dll
0x00007ff9eb960000 - 0x00007ff9eb99c000 	C:\Users\rekik\AppData\Local\Temp\lwjglrekik\3.1.3-build-1\jemalloc.dll
0x00007ff9d4180000 - 0x00007ff9d41dc000 	C:\Users\rekik\AppData\Local\Temp\lwjglrekik\3.1.3-build-1\lwjgl_opengl.dll
0x00007ff9cffa0000 - 0x00007ff9d0090000 	C:\Users\rekik\AppData\Local\Temp\lwjglrekik\3.1.3-build-1\OpenAL.dll
0x00007ff9f9850000 - 0x00007ff9f9999000 	C:\WINDOWS\System32\ole32.dll
0x00007ff9f9440000 - 0x00007ff9f94de000 	C:\WINDOWS\System32\clbcatq.dll
0x00007ff9f1440000 - 0x00007ff9f14af000 	C:\WINDOWS\System32\MMDevApi.dll
0x00007ff9f49d0000 - 0x00007ff9f4b81000 	C:\WINDOWS\System32\PROPSYS.dll
0x00007ff9e2ce0000 - 0x00007ff9e2e02000 	C:\WINDOWS\SYSTEM32\AUDIOSES.DLL
0x00007ff9f06d0000 - 0x00007ff9f06da000 	C:\WINDOWS\SYSTEM32\AVRT.dll
0x00007ff9f5670000 - 0x00007ff9f5838000 	C:\WINDOWS\SYSTEM32\dbghelp.dll

VM Arguments:
jvm_args: -Djava.library.path=C:\Users\rekik\Desktop\coding minecraft\LWJGL -Dfile.encoding=Cp1252 
java_command: com.hyper.Main
java_class_path (initial): C:\Program Files\Java\jre1.8.0_161\lib\resources.jar;C:\Program Files\Java\jre1.8.0_161\lib\rt.jar;C:\Program Files\Java\jre1.8.0_161\lib\jsse.jar;C:\Program Files\Java\jre1.8.0_161\lib\jce.jar;C:\Program Files\Java\jre1.8.0_161\lib\charsets.jar;C:\Program Files\Java\jre1.8.0_161\lib\jfr.jar;C:\Program Files\Java\jre1.8.0_161\lib\ext\access-bridge-64.jar;C:\Program Files\Java\jre1.8.0_161\lib\ext\cldrdata.jar;C:\Program Files\Java\jre1.8.0_161\lib\ext\dnsns.jar;C:\Program Files\Java\jre1.8.0_161\lib\ext\jaccess.jar;C:\Program Files\Java\jre1.8.0_161\lib\ext\jfxrt.jar;C:\Program Files\Java\jre1.8.0_161\lib\ext\localedata.jar;C:\Program Files\Java\jre1.8.0_161\lib\ext\nashorn.jar;C:\Program Files\Java\jre1.8.0_161\lib\ext\sunec.jar;C:\Program Files\Java\jre1.8.0_161\lib\ext\sunjce_provider.jar;C:\Program Files\Java\jre1.8.0_161\lib\ext\sunmscapi.jar;C:\Program Files\Java\jre1.8.0_161\lib\ext\sunpkcs11.jar;C:\Program Files\Java\jre1.8.0_161\lib\ext\zipfs.jar;C:\Users\rekik\workspace\LWJGL learning\bin;C:\Users\rekik\Desktop\coding minecraft\LWJGL\joml-1.9.3.jar;C:\Users\rekik\Desktop\coding minecraft\LWJGL\lwjgl.jar;C:\Users\rekik\Desktop\coding minecraft\LWJGL\lwjgl-assimp.jar;C:\Users\rekik\Desktop\coding minecraft\LWJGL\lwjgl-bgfx.jar;C:\Users\rekik\Desktop\coding minecraft\LWJGL\lwjgl-egl.jar;C:\Users\rekik\Desktop\coding minecraft\LWJGL\lwjgl-glfw.jar;C:\Users\rekik\Desktop\coding minecraft\LWJGL\lwjgl-jawt.jar;C:\Users\rekik\Desktop\coding minecraft\LWJGL\lwjgl-jemalloc.jar;C:\Users\rekik\Desktop\coding minecraft\LWJGL\lwjgl-lmdb.jar;C:\Users\rekik\Desktop\coding minecraft\LWJGL\lwjgl-nanovg.jar;C:\Users\rekik\Desktop\coding minecraft\LWJGL\lwjgl-nfd.jar;C:\Users\rekik\Desktop\coding minecraft\LWJGL\lwjgl-nuklear.jar;C:\Users\rekik\Desktop\coding minecraft\LWJGL\lwjgl-openal.jar;C:\Users\rekik\Desktop\coding minecraft\LWJGL\lwjgl-opencl.jar;C:\Users\rekik\Desktop\coding minecraft\LWJGL\lwjgl-opengl.jar;C:\Users\rekik\Desktop\coding mi
Launcher Type: SUN_STANDARD

Environment Variables:
PATH=C:/Program Files/Java/jre1.8.0_161/bin/server;C:/Program Files/Java/jre1.8.0_161/bin;C:/Program Files/Java/jre1.8.0_161/lib/amd64;C:\ProgramData\Oracle\Java\javapath;C:\Program Files (x86)\Intel\iCLS Client\;C:\Program Files\Intel\iCLS Client\;C:\Windows\system32;C:\Windows;C:\Windows\System32\Wbem;C:\Windows\System32\WindowsPowerShell\v1.0\;C:\Program Files (x86)\Intel\Intel(R) Management Engine Components\DAL;C:\Program Files\Intel\Intel(R) Management Engine Components\DAL;C:\Program Files (x86)\Intel\Intel(R) Management Engine Components\IPT;C:\Program Files\Intel\Intel(R) Management Engine Components\IPT;C:\Program Files (x86)\NVIDIA Corporation\PhysX\Common;C:\WINDOWS\system32;C:\WINDOWS;C:\WINDOWS\System32\Wbem;C:\WINDOWS\System32\WindowsPowerShell\v1.0\;C:\Program Files\Java\jdk1.8.0_73\bin;C:\Program Files (x86)\Skype\Phone\;C:\Users\rekik\AppData\Local\Microsoft\WindowsApps;;C:\Users\rekik\Desktop;
USERNAME=rekik
OS=Windows_NT
PROCESSOR_IDENTIFIER=Intel64 Family 6 Model 61 Stepping 4, GenuineIntel



---------------  S Y S T E M  ---------------

OS: Windows 10.0 , 64 bit Build 16299 (10.0.16299.15)

CPU:total 4 (initial active 4) (2 cores per cpu, 2 threads per core) family 6 model 61 stepping 4, cmov, cx8, fxsr, mmx, sse, sse2, sse3, ssse3, sse4.1, sse4.2, popcnt, avx, avx2, aes, clmul, erms, 3dnowpref, lzcnt, ht, tsc, tscinvbit, bmi1, bmi2, adx

Memory: 4k page, physical 4094316k(774044k free), swap 8351280k(3542540k free)

vm_info: Java HotSpot(TM) 64-Bit Server VM (25.161-b12) for windows-amd64 JRE (1.8.0_161-b12), built on Dec 19 2017 17:52:25 by "java_re" with MS VC++ 10.0 (VS2010)

time: Wed Mar 07 14:56:46 2018
elapsed time: 1 seconds (0d 0h 0m 1s)

