#
# A fatal error has been detected by the Java Runtime Environment:
#
#  EXCEPTION_ACCESS_VIOLATION (0xc0000005) at pc=0x00007ff9d2f6077b, pid=8660, tid=0x000000000000207c
#
# JRE version: Java(TM) SE Runtime Environment (8.0_161-b12) (build 1.8.0_161-b12)
# Java VM: Java HotSpot(TM) 64-Bit Server VM (25.161-b12 mixed mode windows-amd64 compressed oops)
# Problematic frame:
# C  [jemalloc.dll+0x1077b]
#
# Failed to write core dump. Minidumps are not enabled by default on client versions of Windows
#
# If you would like to submit a bug report, please visit:
#   http://bugreport.java.com/bugreport/crash.jsp
# The crash happened outside the Java Virtual Machine in native code.
# See problematic frame for where to report the bug.
#

---------------  T H R E A D  ---------------

Current thread (0x00000000045a3800):  JavaThread "main" [_thread_in_native, id=8316, stack(0x0000000004470000,0x0000000004570000)]

siginfo: ExceptionCode=0xc0000005, reading address 0x0000000000000000

Registers:
RAX=0x0000000000000000, RBX=0x0000000062050000, RCX=0x0000000062050000, RDX=0x0000000000000000
RSP=0x000000000456eee0, RBP=0x0000000061de1008, RSI=0x0000000062050000, RDI=0x0000000000000000
R8 =0x0000000061de2000, R9 =0x0000000000006205, R10=0x0000000000000003, R11=0x000000000000ffff
R12=0x0000000000000000, R13=0x00000000167ebcd8, R14=0x000000000456efe0, R15=0x00000000045a3800
RIP=0x00007ff9d2f6077b, EFLAGS=0x0000000000010202

Top of Stack: (sp=0x000000000456eee0)
0x000000000456eee0:   0000000062050000 00007ff9d2f51e49
0x000000000456eef0:   00000000167ebcd8 0000000062050000
0x000000000456ef00:   0000000018655a20 0000000018699d30
0x000000000456ef10:   0000000000000128 00000000046b8c67
0x000000000456ef20:   00000000167ebcd8 000000000456efa8
0x000000000456ef30:   0000000062050000 0000000000000001
0x000000000456ef40:   0000000018699a30 00000000045a3800
0x000000000456ef50:   0000000063c67180 00007ff9cda84a10
0x000000000456ef60:   00000000167eba78 000000000456ef68
0x000000000456ef70:   0000000000000000 000000000456efe0
0x000000000456ef80:   000000001680ac08 0000000000000000
0x000000000456ef90:   00000000167ebcd8 0000000000000000
0x000000000456efa0:   000000000456efc8 000000000456f028
0x000000000456efb0:   00000000046a835d 00000000ec5c5078
0x000000000456efc0:   00000000046b21d8 0000000062050000
0x000000000456efd0:   00000000190f92dc 00007ff9d2f51e30 

Instructions: (pc=0x00007ff9d2f6077b)
0x00007ff9d2f6075b:   89 74 24 18 57 48 83 ec 30 48 8b e9 48 8b da 48
0x00007ff9d2f6076b:   8b ca e8 ee f8 ff ff 48 8b d0 48 8b cb 48 8b f8
0x00007ff9d2f6077b:   48 8b 30 e8 bd b4 ff ff 48 8d 8e 10 08 00 00 ff
0x00007ff9d2f6078b:   15 88 08 01 00 48 8b 8e 08 08 00 00 48 3b cf 75 


Register to memory mapping:

RAX=0x0000000000000000 is an unknown value
RBX=0x0000000062050000 is an unknown value
RCX=0x0000000062050000 is an unknown value
RDX=0x0000000000000000 is an unknown value
RSP=0x000000000456eee0 is pointing into the stack for thread: 0x00000000045a3800
RBP=0x0000000061de1008 is an unknown value
RSI=0x0000000062050000 is an unknown value
RDI=0x0000000000000000 is an unknown value
R8 =0x0000000061de2000 is an unknown value
R9 =0x0000000000006205 is an unknown value
R10=0x0000000000000003 is an unknown value
R11=0x000000000000ffff is an unknown value
R12=0x0000000000000000 is an unknown value
R13={method} {0x00000000167ebce0} 'invokePV' '(JJ)V' in 'org/lwjgl/system/JNI'
R14=0x000000000456efe0 is pointing into the stack for thread: 0x00000000045a3800
R15=0x00000000045a3800 is a thread


Stack: [0x0000000004470000,0x0000000004570000],  sp=0x000000000456eee0,  free space=1019k
Native frames: (J=compiled Java code, j=interpreted, Vv=VM code, C=native code)
C  [jemalloc.dll+0x1077b]
C  0x00000000046b8c67

Java frames: (J=compiled Java code, j=interpreted, Vv=VM code)
j  org.lwjgl.system.JNI.invokePV(JJ)V+0
j  org.lwjgl.system.jemalloc.JEmalloc.nje_free(J)V+6
j  org.lwjgl.system.jemalloc.JEmallocAllocator.free(J)V+1
j  org.lwjgl.system.MemoryUtil.nmemFree(J)V+4
j  org.lwjgl.system.MemoryUtil.memFree(Ljava/nio/Buffer;)V+4
j  com.hyper.io.sound.SoundBuffer.cleanup()V+18
j  com.hyper.io.sound.SoundHandler.stop()V+27
j  com.hyper.Main.main([Ljava/lang/String;)V+114
v  ~StubRoutines::call_stub

---------------  P R O C E S S  ---------------

Java Threads: ( => current thread )
  0x0000000018630800 JavaThread "Service Thread" daemon [_thread_blocked, id=8008, stack(0x0000000018a00000,0x0000000018b00000)]
  0x0000000016c98800 JavaThread "C1 CompilerThread2" daemon [_thread_blocked, id=12176, stack(0x0000000018500000,0x0000000018600000)]
  0x0000000016c95800 JavaThread "C2 CompilerThread1" daemon [_thread_blocked, id=11476, stack(0x0000000018400000,0x0000000018500000)]
  0x0000000016c91000 JavaThread "C2 CompilerThread0" daemon [_thread_blocked, id=3692, stack(0x0000000018300000,0x0000000018400000)]
  0x0000000016c8f800 JavaThread "Attach Listener" daemon [_thread_blocked, id=8652, stack(0x0000000018200000,0x0000000018300000)]
  0x0000000016c8e800 JavaThread "Signal Dispatcher" daemon [_thread_blocked, id=11864, stack(0x0000000018100000,0x0000000018200000)]
  0x0000000016c7a800 JavaThread "Finalizer" daemon [_thread_blocked, id=10936, stack(0x0000000017ee0000,0x0000000017fe0000)]
  0x0000000004692000 JavaThread "Reference Handler" daemon [_thread_blocked, id=13144, stack(0x0000000017de0000,0x0000000017ee0000)]
=>0x00000000045a3800 JavaThread "main" [_thread_in_native, id=8316, stack(0x0000000004470000,0x0000000004570000)]

Other Threads:
  0x0000000016c57800 VMThread [stack: 0x0000000017ce0000,0x0000000017de0000] [id=11496]
  0x0000000016cee000 WatcherThread [stack: 0x0000000018ec0000,0x0000000018fc0000] [id=10840]

VM state:not at safepoint (normal execution)

VM Mutex/Monitor currently owned by a thread: None

Heap:
 PSYoungGen      total 18944K, used 5284K [0x00000000eb300000, 0x00000000ec800000, 0x0000000100000000)
  eden space 16384K, 16% used [0x00000000eb300000,0x00000000eb5b0f78,0x00000000ec300000)
  from space 2560K, 98% used [0x00000000ec580000,0x00000000ec7f8420,0x00000000ec800000)
  to   space 2560K, 0% used [0x00000000ec300000,0x00000000ec300000,0x00000000ec580000)
 ParOldGen       total 44032K, used 3471K [0x00000000c1800000, 0x00000000c4300000, 0x00000000eb300000)
  object space 44032K, 7% used [0x00000000c1800000,0x00000000c1b63ce8,0x00000000c4300000)
 Metaspace       used 9897K, capacity 10141K, committed 10240K, reserved 1058816K
  class space    used 848K, capacity 946K, committed 1024K, reserved 1048576K

Card table byte_map: [0x0000000013a60000,0x0000000013c60000] byte_map_base: 0x0000000013454000

Marking Bits: (ParMarkBitMap*) 0x000000007202f860
 Begin Bits: [0x00000000141b0000, 0x0000000015150000)
 End Bits:   [0x0000000015150000, 0x00000000160f0000)

Polling page: 0x0000000002b90000

CodeCache: size=245760Kb used=3605Kb max_used=3605Kb free=242154Kb
 bounds [0x00000000046a0000, 0x0000000004a30000, 0x00000000136a0000]
 total_blobs=1847 nmethods=1002 adapters=758
 compilation: enabled

Compilation events (10 events):
Event: 4.929 Thread 0x0000000016c98800  998       3       com.hyper.io.Window::update (46 bytes)
Event: 4.929 Thread 0x0000000016c91000  999       4       java.nio.DirectIntBufferU::get (16 bytes)
Event: 4.931 Thread 0x0000000016c98800 nmethod 998 0x0000000004a1ba50 code [0x0000000004a1bc60, 0x0000000004a1c4a8]
Event: 4.931 Thread 0x0000000016c91000 nmethod 999 0x0000000004a187d0 code [0x0000000004a18900, 0x0000000004a18998]
Event: 4.946 Thread 0x0000000016c95800 1000       4       org.lwjgl.system.MemoryUtil::memSet (36 bytes)
Event: 4.948 Thread 0x0000000016c95800 nmethod 1000 0x0000000004a1b510 code [0x0000000004a1b660, 0x0000000004a1b7d8]
Event: 4.962 Thread 0x0000000016c91000 1001       4       com.hyper.io.sound.SoundSource::isPlaying (20 bytes)
Event: 4.969 Thread 0x0000000016c91000 nmethod 1001 0x0000000004a21d10 code [0x0000000004a21ea0, 0x0000000004a22290]
Event: 4.980 Thread 0x0000000016c98800 1002       3       com.hyper.io.sound.SoundHandler::update (297 bytes)
Event: 4.984 Thread 0x0000000016c98800 nmethod 1002 0x0000000004a25c10 code [0x0000000004a26140, 0x0000000004a290e8]

GC Heap History (4 events):
Event: 3.457 GC heap before
{Heap before GC invocations=1 (full 0):
 PSYoungGen      total 18944K, used 16384K [0x00000000eb300000, 0x00000000ec800000, 0x0000000100000000)
  eden space 16384K, 100% used [0x00000000eb300000,0x00000000ec300000,0x00000000ec300000)
  from space 2560K, 0% used [0x00000000ec580000,0x00000000ec580000,0x00000000ec800000)
  to   space 2560K, 0% used [0x00000000ec300000,0x00000000ec300000,0x00000000ec580000)
 ParOldGen       total 44032K, used 0K [0x00000000c1800000, 0x00000000c4300000, 0x00000000eb300000)
  object space 44032K, 0% used [0x00000000c1800000,0x00000000c1800000,0x00000000c4300000)
 Metaspace       used 9553K, capacity 9853K, committed 9984K, reserved 1058816K
  class space    used 830K, capacity 914K, committed 1024K, reserved 1048576K
Event: 3.461 GC heap after
Heap after GC invocations=1 (full 0):
 PSYoungGen      total 18944K, used 2551K [0x00000000eb300000, 0x00000000ec800000, 0x0000000100000000)
  eden space 16384K, 0% used [0x00000000eb300000,0x00000000eb300000,0x00000000ec300000)
  from space 2560K, 99% used [0x00000000ec300000,0x00000000ec57dc80,0x00000000ec580000)
  to   space 2560K, 0% used [0x00000000ec580000,0x00000000ec580000,0x00000000ec800000)
 ParOldGen       total 44032K, used 1289K [0x00000000c1800000, 0x00000000c4300000, 0x00000000eb300000)
  object space 44032K, 2% used [0x00000000c1800000,0x00000000c1942720,0x00000000c4300000)
 Metaspace       used 9553K, capacity 9853K, committed 9984K, reserved 1058816K
  class space    used 830K, capacity 914K, committed 1024K, reserved 1048576K
}
Event: 4.780 GC heap before
{Heap before GC invocations=2 (full 0):
 PSYoungGen      total 18944K, used 18935K [0x00000000eb300000, 0x00000000ec800000, 0x0000000100000000)
  eden space 16384K, 100% used [0x00000000eb300000,0x00000000ec300000,0x00000000ec300000)
  from space 2560K, 99% used [0x00000000ec300000,0x00000000ec57dc80,0x00000000ec580000)
  to   space 2560K, 0% used [0x00000000ec580000,0x00000000ec580000,0x00000000ec800000)
 ParOldGen       total 44032K, used 1289K [0x00000000c1800000, 0x00000000c4300000, 0x00000000eb300000)
  object space 44032K, 2% used [0x00000000c1800000,0x00000000c1942720,0x00000000c4300000)
 Metaspace       used 9888K, capacity 10141K, committed 10240K, reserved 1058816K
  class space    used 848K, capacity 946K, committed 1024K, reserved 1048576K
Event: 4.790 GC heap after
Heap after GC invocations=2 (full 0):
 PSYoungGen      total 18944K, used 2529K [0x00000000eb300000, 0x00000000ec800000, 0x0000000100000000)
  eden space 16384K, 0% used [0x00000000eb300000,0x00000000eb300000,0x00000000ec300000)
  from space 2560K, 98% used [0x00000000ec580000,0x00000000ec7f8420,0x00000000ec800000)
  to   space 2560K, 0% used [0x00000000ec300000,0x00000000ec300000,0x00000000ec580000)
 ParOldGen       total 44032K, used 3471K [0x00000000c1800000, 0x00000000c4300000, 0x00000000eb300000)
  object space 44032K, 7% used [0x00000000c1800000,0x00000000c1b63ce8,0x00000000c4300000)
 Metaspace       used 9888K, capacity 10141K, committed 10240K, reserved 1058816K
  class space    used 848K, capacity 946K, committed 1024K, reserved 1048576K
}

Deoptimization events (10 events):
Event: 0.163 Thread 0x00000000045a3800 Uncommon trap: reason=unstable_if action=reinterpret pc=0x00000000047bc0b8 method=java.lang.String.hashCode()I @ 14
Event: 2.904 Thread 0x00000000045a3800 Uncommon trap: reason=bimorphic action=maybe_recompile pc=0x00000000049466fc method=java.util.HashMap.getNode(ILjava/lang/Object;)Ljava/util/HashMap$Node; @ 126
Event: 2.906 Thread 0x00000000045a3800 Uncommon trap: reason=bimorphic action=maybe_recompile pc=0x00000000049466fc method=java.util.HashMap.getNode(ILjava/lang/Object;)Ljava/util/HashMap$Node; @ 126
Event: 3.488 Thread 0x00000000045a3800 Uncommon trap: reason=bimorphic action=maybe_recompile pc=0x00000000049466fc method=java.util.HashMap.getNode(ILjava/lang/Object;)Ljava/util/HashMap$Node; @ 126
Event: 3.573 Thread 0x00000000045a3800 Uncommon trap: reason=unstable_if action=reinterpret pc=0x00000000049acd3c method=com.hyper.world.World.getTile(II)Lcom/hyper/world/Tile; @ 1
Event: 4.246 Thread 0x00000000045a3800 Uncommon trap: reason=unloaded action=reinterpret pc=0x00000000049fdc0c method=com.hyper.Game.update()V @ 122
Event: 4.762 Thread 0x00000000045a3800 Uncommon trap: reason=unstable_if action=reinterpret pc=0x00000000049c19b4 method=com.hyper.io.Window.isKeyDown(I)Z @ 9
Event: 4.790 Thread 0x00000000045a3800 Uncommon trap: reason=unstable_if action=reinterpret pc=0x0000000004a0b938 method=java.nio.Bits.tryReserveMemory(JI)Z @ 29
Event: 4.791 Thread 0x00000000045a3800 Uncommon trap: reason=unstable_if action=reinterpret pc=0x0000000004a02e50 method=java.nio.Bits.tryReserveMemory(JI)Z @ 29
Event: 4.983 Thread 0x00000000045a3800 Uncommon trap: reason=unstable_if action=reinterpret pc=0x0000000004a085e0 method=org.lwjgl.glfw.GLFW.glfwWindowShouldClose(J)Z @ 20

Classes redefined (0 events):
No events

Internal exceptions (10 events):
Event: 0.125 Thread 0x00000000045a3800 Exception <a 'java/io/FileNotFoundException'> (0x00000000eb381420) thrown at [C:\re\workspace\8-2-build-windows-amd64-cygwin\jdk8u161\10277\hotspot\src\share\vm\prims\jni.cpp, line 709]
Event: 0.206 Thread 0x00000000045a3800 Exception <a 'java/lang/NoSuchMethodError': java.lang.Object.lambda$static$0(Ljava/lang/String;)Ljava/lang/Boolean;> (0x00000000eb4f4d68) thrown at [C:\re\workspace\8-2-build-windows-amd64-cygwin\jdk8u161\10277\hotspot\src\share\vm\interpreter\linkResolve
Event: 0.224 Thread 0x00000000045a3800 Exception <a 'java/lang/NoSuchFieldError': method resolution failed> (0x00000000eb56ce50) thrown at [C:\re\workspace\8-2-build-windows-amd64-cygwin\jdk8u161\10277\hotspot\src\share\vm\prims\methodHandles.cpp, line 1167]
Event: 0.230 Thread 0x00000000045a3800 Exception <a 'java/lang/NoSuchFieldError': method resolution failed> (0x00000000eb57a220) thrown at [C:\re\workspace\8-2-build-windows-amd64-cygwin\jdk8u161\10277\hotspot\src\share\vm\prims\methodHandles.cpp, line 1167]
Event: 0.291 Thread 0x00000000045a3800 Exception <a 'java/security/PrivilegedActionException'> (0x00000000eb6c54c0) thrown at [C:\re\workspace\8-2-build-windows-amd64-cygwin\jdk8u161\10277\hotspot\src\share\vm\prims\jvm.cpp, line 1390]
Event: 0.291 Thread 0x00000000045a3800 Exception <a 'java/security/PrivilegedActionException'> (0x00000000eb6c56d0) thrown at [C:\re\workspace\8-2-build-windows-amd64-cygwin\jdk8u161\10277\hotspot\src\share\vm\prims\jvm.cpp, line 1390]
Event: 0.292 Thread 0x00000000045a3800 Exception <a 'java/security/PrivilegedActionException'> (0x00000000eb6c9340) thrown at [C:\re\workspace\8-2-build-windows-amd64-cygwin\jdk8u161\10277\hotspot\src\share\vm\prims\jvm.cpp, line 1390]
Event: 0.292 Thread 0x00000000045a3800 Exception <a 'java/security/PrivilegedActionException'> (0x00000000eb6c9550) thrown at [C:\re\workspace\8-2-build-windows-amd64-cygwin\jdk8u161\10277\hotspot\src\share\vm\prims\jvm.cpp, line 1390]
Event: 2.149 Thread 0x00000000045a3800 Exception <a 'sun/nio/fs/WindowsException'> (0x00000000eb9b0728) thrown at [C:\re\workspace\8-2-build-windows-amd64-cygwin\jdk8u161\10277\hotspot\src\share\vm\prims\jni.cpp, line 709]
Event: 2.150 Thread 0x00000000045a3800 Exception <a 'sun/nio/fs/WindowsException'> (0x00000000eb9b0f08) thrown at [C:\re\workspace\8-2-build-windows-amd64-cygwin\jdk8u161\10277\hotspot\src\share\vm\prims\jni.cpp, line 709]

Events (10 events):
Event: 4.790 Executing VM operation: ParallelGCFailedAllocation done
Event: 4.790 Thread 0x00000000045a3800 Uncommon trap: trap_request=0xffffff65 fr.pc=0x0000000004a0b938
Event: 4.790 Thread 0x00000000045a3800 DEOPT PACKING pc=0x0000000004a0b938 sp=0x000000000456f140
Event: 4.790 Thread 0x00000000045a3800 DEOPT UNPACKING pc=0x00000000046e583b sp=0x000000000456edc8 mode 2
Event: 4.791 Thread 0x00000000045a3800 Uncommon trap: trap_request=0xffffff65 fr.pc=0x0000000004a02e50
Event: 4.791 Thread 0x00000000045a3800 DEOPT PACKING pc=0x0000000004a02e50 sp=0x000000000456ef80
Event: 4.791 Thread 0x00000000045a3800 DEOPT UNPACKING pc=0x00000000046e583b sp=0x000000000456ee18 mode 2
Event: 4.983 Thread 0x00000000045a3800 Uncommon trap: trap_request=0xffffff65 fr.pc=0x0000000004a085e0
Event: 4.983 Thread 0x00000000045a3800 DEOPT PACKING pc=0x0000000004a085e0 sp=0x000000000456f230
Event: 4.983 Thread 0x00000000045a3800 DEOPT UNPACKING pc=0x00000000046e583b sp=0x000000000456f138 mode 2


Dynamic libraries:
0x00007ff715480000 - 0x00007ff7154b7000 	C:\Program Files\Java\jre1.8.0_161\bin\javaw.exe
0x00007ff9fa9a0000 - 0x00007ff9fab80000 	C:\WINDOWS\SYSTEM32\ntdll.dll
0x00007ff9fa7f0000 - 0x00007ff9fa89e000 	C:\WINDOWS\System32\KERNEL32.DLL
0x00007ff9f7040000 - 0x00007ff9f72a6000 	C:\WINDOWS\System32\KERNELBASE.dll
0x00007ff9f9e40000 - 0x00007ff9f9ee1000 	C:\WINDOWS\System32\ADVAPI32.dll
0x00007ff9f9380000 - 0x00007ff9f941d000 	C:\WINDOWS\System32\msvcrt.dll
0x00007ff9f92c0000 - 0x00007ff9f931b000 	C:\WINDOWS\System32\sechost.dll
0x00007ff9fa3e0000 - 0x00007ff9fa4ff000 	C:\WINDOWS\System32\RPCRT4.dll
0x00007ff9fa220000 - 0x00007ff9fa3af000 	C:\WINDOWS\System32\USER32.dll
0x00007ff9f7be0000 - 0x00007ff9f7c00000 	C:\WINDOWS\System32\win32u.dll
0x00007ff9f9df0000 - 0x00007ff9f9e18000 	C:\WINDOWS\System32\GDI32.dll
0x00007ff9f6da0000 - 0x00007ff9f6f33000 	C:\WINDOWS\System32\gdi32full.dll
0x00007ff9f7c00000 - 0x00007ff9f7c9b000 	C:\WINDOWS\System32\msvcp_win.dll
0x00007ff9f7a80000 - 0x00007ff9f7b76000 	C:\WINDOWS\System32\ucrtbase.dll
0x00007ff9eea70000 - 0x00007ff9eecd9000 	C:\WINDOWS\WinSxS\amd64_microsoft.windows.common-controls_6595b64144ccf1df_6.0.16299.248_none_15ced204935f55d7\COMCTL32.dll
0x00007ff9f9540000 - 0x00007ff9f9848000 	C:\WINDOWS\System32\combase.dll
0x00007ff9f7a00000 - 0x00007ff9f7a72000 	C:\WINDOWS\System32\bcryptPrimitives.dll
0x00007ff9fa3b0000 - 0x00007ff9fa3dd000 	C:\WINDOWS\System32\IMM32.DLL
0x00000000722f0000 - 0x00000000723c2000 	C:\Program Files\Java\jre1.8.0_161\bin\msvcr100.dll
0x0000000071810000 - 0x00000000720af000 	C:\Program Files\Java\jre1.8.0_161\bin\server\jvm.dll
0x00007ff9f9e30000 - 0x00007ff9f9e38000 	C:\WINDOWS\System32\PSAPI.DLL
0x00007ff9f3810000 - 0x00007ff9f3833000 	C:\WINDOWS\SYSTEM32\WINMM.dll
0x00007ff9f2540000 - 0x00007ff9f254a000 	C:\WINDOWS\SYSTEM32\VERSION.dll
0x00007ff9f59d0000 - 0x00007ff9f59d9000 	C:\WINDOWS\SYSTEM32\WSOCK32.dll
0x00007ff9fa780000 - 0x00007ff9fa7ec000 	C:\WINDOWS\System32\WS2_32.dll
0x00007ff9f37c0000 - 0x00007ff9f37ea000 	C:\WINDOWS\SYSTEM32\WINMMBASE.dll
0x00007ff9f6ff0000 - 0x00007ff9f703a000 	C:\WINDOWS\System32\cfgmgr32.dll
0x0000000072630000 - 0x000000007263f000 	C:\Program Files\Java\jre1.8.0_161\bin\verify.dll
0x0000000072600000 - 0x0000000072629000 	C:\Program Files\Java\jre1.8.0_161\bin\java.dll
0x00000000725e0000 - 0x00000000725f6000 	C:\Program Files\Java\jre1.8.0_161\bin\zip.dll
0x00007ff9f7e80000 - 0x00007ff9f92b6000 	C:\WINDOWS\System32\SHELL32.dll
0x00007ff9f9ef0000 - 0x00007ff9f9f96000 	C:\WINDOWS\System32\shcore.dll
0x00007ff9f72b0000 - 0x00007ff9f79f7000 	C:\WINDOWS\System32\windows.storage.dll
0x00007ff9f9320000 - 0x00007ff9f9371000 	C:\WINDOWS\System32\shlwapi.dll
0x00007ff9f6cf0000 - 0x00007ff9f6d01000 	C:\WINDOWS\System32\kernel.appcore.dll
0x00007ff9f6d30000 - 0x00007ff9f6d7c000 	C:\WINDOWS\System32\powrprof.dll
0x00007ff9f6d10000 - 0x00007ff9f6d2b000 	C:\WINDOWS\System32\profapi.dll
0x00000000725c0000 - 0x00000000725da000 	C:\Program Files\Java\jre1.8.0_161\bin\net.dll
0x00007ff9f6580000 - 0x00007ff9f65e6000 	C:\WINDOWS\system32\mswsock.dll
0x00000000725a0000 - 0x00000000725b1000 	C:\Program Files\Java\jre1.8.0_161\bin\nio.dll
0x00007ff9d4550000 - 0x00007ff9d45a8000 	C:\Users\rekik\AppData\Local\Temp\lwjglrekik\3.1.3-build-1\lwjgl.dll
0x00007ff9d2f90000 - 0x00007ff9d2fcd000 	C:\Users\rekik\AppData\Local\Temp\lwjglrekik\3.1.3-build-1\glfw.dll
0x00007ff9f4f90000 - 0x00007ff9f5025000 	C:\WINDOWS\system32\uxtheme.dll
0x00007ff9d2ec0000 - 0x00007ff9d2f03000 	C:\WINDOWS\SYSTEM32\dinput8.dll
0x00007ff9ed710000 - 0x00007ff9ed720000 	C:\WINDOWS\SYSTEM32\xinput1_4.dll
0x00007ff9f6b00000 - 0x00007ff9f6b27000 	C:\WINDOWS\SYSTEM32\DEVOBJ.dll
0x00007ff9f5200000 - 0x00007ff9f522a000 	C:\WINDOWS\SYSTEM32\dwmapi.dll
0x00007ff9edf70000 - 0x00007ff9edf9e000 	C:\WINDOWS\SYSTEM32\inputhost.dll
0x00007ff9ed130000 - 0x00007ff9ed41e000 	C:\WINDOWS\SYSTEM32\CoreUIComponents.dll
0x00007ff9f19a0000 - 0x00007ff9f1a7c000 	C:\WINDOWS\SYSTEM32\CoreMessaging.dll
0x00007ff9f3870000 - 0x00007ff9f39a6000 	C:\WINDOWS\SYSTEM32\wintypes.dll
0x00007ff9f5eb0000 - 0x00007ff9f5ee1000 	C:\WINDOWS\SYSTEM32\ntmarta.dll
0x00007ff9f9fa0000 - 0x00007ff9fa107000 	C:\WINDOWS\System32\MSCTF.dll
0x00007ff9fa8a0000 - 0x00007ff9fa965000 	C:\WINDOWS\System32\OLEAUT32.dll
0x00007ff9f59c0000 - 0x00007ff9f59cc000 	C:\WINDOWS\SYSTEM32\HID.DLL
0x00007ff9f99a0000 - 0x00007ff9f9dee000 	C:\WINDOWS\System32\SETUPAPI.DLL
0x00007ff9f7b80000 - 0x00007ff9f7bd8000 	C:\WINDOWS\System32\WINTRUST.dll
0x00007ff9f6d80000 - 0x00007ff9f6d92000 	C:\WINDOWS\System32\MSASN1.dll
0x00007ff9f7ca0000 - 0x00007ff9f7e6e000 	C:\WINDOWS\System32\CRYPT32.dll
0x00007ff9e1540000 - 0x00007ff9e165e000 	C:\WINDOWS\SYSTEM32\opengl32.dll
0x00007ff9eb4a0000 - 0x00007ff9eb4cc000 	C:\WINDOWS\SYSTEM32\GLU32.dll
0x00007ff9c0ca0000 - 0x00007ff9c19b9000 	C:\WINDOWS\SYSTEM32\ig8icd64.dll
0x00007ff9f59a0000 - 0x00007ff9f59b3000 	C:\WINDOWS\SYSTEM32\WTSAPI32.dll
0x00007ff9e8a90000 - 0x00007ff9e94d0000 	C:\WINDOWS\SYSTEM32\igdusc64.dll
0x00007ff9f5b60000 - 0x00007ff9f5c0f000 	C:\WINDOWS\SYSTEM32\dxgi.dll
0x00007ff9f2e40000 - 0x00007ff9f3122000 	C:\WINDOWS\SYSTEM32\d3d11.dll
0x00007ff9d6f90000 - 0x00007ff9d7eec000 	C:\WINDOWS\SYSTEM32\igd10iumd64.dll
0x00007ff9f6820000 - 0x00007ff9f6846000 	C:\WINDOWS\SYSTEM32\ncrypt.dll
0x00007ff9f6850000 - 0x00007ff9f6875000 	C:\WINDOWS\SYSTEM32\bcrypt.dll
0x00007ff9f67e0000 - 0x00007ff9f6816000 	C:\WINDOWS\SYSTEM32\NTASN1.dll
0x00007ff9ebca0000 - 0x00007ff9ebd38000 	C:\WINDOWS\System32\TextInputFramework.dll
0x00007ff9d2f50000 - 0x00007ff9d2f8c000 	C:\Users\rekik\AppData\Local\Temp\lwjglrekik\3.1.3-build-1\jemalloc.dll
0x00007ff9d1d30000 - 0x00007ff9d1d8c000 	C:\Users\rekik\AppData\Local\Temp\lwjglrekik\3.1.3-build-1\lwjgl_opengl.dll
0x00007ff9cda80000 - 0x00007ff9cdb70000 	C:\Users\rekik\AppData\Local\Temp\lwjglrekik\3.1.3-build-1\OpenAL.dll
0x00007ff9f9850000 - 0x00007ff9f9999000 	C:\WINDOWS\System32\ole32.dll
0x00007ff9f9440000 - 0x00007ff9f94de000 	C:\WINDOWS\System32\clbcatq.dll
0x00007ff9f1440000 - 0x00007ff9f14af000 	C:\WINDOWS\System32\MMDevApi.dll
0x00007ff9f49d0000 - 0x00007ff9f4b81000 	C:\WINDOWS\System32\PROPSYS.dll
0x00007ff9e2ce0000 - 0x00007ff9e2e02000 	C:\WINDOWS\SYSTEM32\AUDIOSES.DLL
0x00007ff9f06d0000 - 0x00007ff9f06da000 	C:\WINDOWS\SYSTEM32\AVRT.dll
0x00007ff9d1450000 - 0x00007ff9d14c7000 	C:\Users\rekik\AppData\Local\Temp\lwjglrekik\3.1.3-build-1\lwjgl_stb.dll
0x00007ff9f5670000 - 0x00007ff9f5838000 	C:\WINDOWS\SYSTEM32\dbghelp.dll

VM Arguments:
jvm_args: -Djava.library.path=C:\Users\rekik\Desktop\coding minecraft\LWJGL -Dfile.encoding=Cp1252 
java_command: com.hyper.Main
java_class_path (initial): C:\Program Files\Java\jre1.8.0_161\lib\resources.jar;C:\Program Files\Java\jre1.8.0_161\lib\rt.jar;C:\Program Files\Java\jre1.8.0_161\lib\jsse.jar;C:\Program Files\Java\jre1.8.0_161\lib\jce.jar;C:\Program Files\Java\jre1.8.0_161\lib\charsets.jar;C:\Program Files\Java\jre1.8.0_161\lib\jfr.jar;C:\Program Files\Java\jre1.8.0_161\lib\ext\access-bridge-64.jar;C:\Program Files\Java\jre1.8.0_161\lib\ext\cldrdata.jar;C:\Program Files\Java\jre1.8.0_161\lib\ext\dnsns.jar;C:\Program Files\Java\jre1.8.0_161\lib\ext\jaccess.jar;C:\Program Files\Java\jre1.8.0_161\lib\ext\jfxrt.jar;C:\Program Files\Java\jre1.8.0_161\lib\ext\localedata.jar;C:\Program Files\Java\jre1.8.0_161\lib\ext\nashorn.jar;C:\Program Files\Java\jre1.8.0_161\lib\ext\sunec.jar;C:\Program Files\Java\jre1.8.0_161\lib\ext\sunjce_provider.jar;C:\Program Files\Java\jre1.8.0_161\lib\ext\sunmscapi.jar;C:\Program Files\Java\jre1.8.0_161\lib\ext\sunpkcs11.jar;C:\Program Files\Java\jre1.8.0_161\lib\ext\zipfs.jar;C:\Users\rekik\workspace\LWJGL learning\bin;C:\Users\rekik\Desktop\coding minecraft\LWJGL\joml-1.9.3.jar;C:\Users\rekik\Desktop\coding minecraft\LWJGL\lwjgl.jar;C:\Users\rekik\Desktop\coding minecraft\LWJGL\lwjgl-assimp.jar;C:\Users\rekik\Desktop\coding minecraft\LWJGL\lwjgl-bgfx.jar;C:\Users\rekik\Desktop\coding minecraft\LWJGL\lwjgl-egl.jar;C:\Users\rekik\Desktop\coding minecraft\LWJGL\lwjgl-glfw.jar;C:\Users\rekik\Desktop\coding minecraft\LWJGL\lwjgl-jawt.jar;C:\Users\rekik\Desktop\coding minecraft\LWJGL\lwjgl-jemalloc.jar;C:\Users\rekik\Desktop\coding minecraft\LWJGL\lwjgl-lmdb.jar;C:\Users\rekik\Desktop\coding minecraft\LWJGL\lwjgl-nanovg.jar;C:\Users\rekik\Desktop\coding minecraft\LWJGL\lwjgl-nfd.jar;C:\Users\rekik\Desktop\coding minecraft\LWJGL\lwjgl-nuklear.jar;C:\Users\rekik\Desktop\coding minecraft\LWJGL\lwjgl-openal.jar;C:\Users\rekik\Desktop\coding minecraft\LWJGL\lwjgl-opencl.jar;C:\Users\rekik\Desktop\coding minecraft\LWJGL\lwjgl-opengl.jar;C:\Users\rekik\Desktop\coding mi
Launcher Type: SUN_STANDARD

Environment Variables:
PATH=C:/Program Files/Java/jre1.8.0_161/bin/server;C:/Program Files/Java/jre1.8.0_161/bin;C:/Program Files/Java/jre1.8.0_161/lib/amd64;C:\ProgramData\Oracle\Java\javapath;C:\Program Files (x86)\Intel\iCLS Client\;C:\Program Files\Intel\iCLS Client\;C:\Windows\system32;C:\Windows;C:\Windows\System32\Wbem;C:\Windows\System32\WindowsPowerShell\v1.0\;C:\Program Files (x86)\Intel\Intel(R) Management Engine Components\DAL;C:\Program Files\Intel\Intel(R) Management Engine Components\DAL;C:\Program Files (x86)\Intel\Intel(R) Management Engine Components\IPT;C:\Program Files\Intel\Intel(R) Management Engine Components\IPT;C:\Program Files (x86)\NVIDIA Corporation\PhysX\Common;C:\WINDOWS\system32;C:\WINDOWS;C:\WINDOWS\System32\Wbem;C:\WINDOWS\System32\WindowsPowerShell\v1.0\;C:\Program Files\Java\jdk1.8.0_73\bin;C:\Program Files (x86)\Skype\Phone\;C:\Users\rekik\AppData\Local\Microsoft\WindowsApps;;C:\Users\rekik\Desktop;
USERNAME=rekik
OS=Windows_NT
PROCESSOR_IDENTIFIER=Intel64 Family 6 Model 61 Stepping 4, GenuineIntel



---------------  S Y S T E M  ---------------

OS: Windows 10.0 , 64 bit Build 16299 (10.0.16299.15)

CPU:total 4 (initial active 4) (2 cores per cpu, 2 threads per core) family 6 model 61 stepping 4, cmov, cx8, fxsr, mmx, sse, sse2, sse3, ssse3, sse4.1, sse4.2, popcnt, avx, avx2, aes, clmul, erms, 3dnowpref, lzcnt, ht, tsc, tscinvbit, bmi1, bmi2, adx

Memory: 4k page, physical 4094316k(496692k free), swap 8351476k(3774752k free)

vm_info: Java HotSpot(TM) 64-Bit Server VM (25.161-b12) for windows-amd64 JRE (1.8.0_161-b12), built on Dec 19 2017 17:52:25 by "java_re" with MS VC++ 10.0 (VS2010)

time: Wed Mar 07 12:44:34 2018
elapsed time: 5 seconds (0d 0h 0m 5s)

