#
# A fatal error has been detected by the Java Runtime Environment:
#
#  EXCEPTION_ACCESS_VIOLATION (0xc0000005) at pc=0x00007ff9fccdbb36, pid=11088, tid=0x0000000000000570
#
# JRE version: Java(TM) SE Runtime Environment (8.0_171-b11) (build 1.8.0_171-b11)
# Java VM: Java HotSpot(TM) 64-Bit Server VM (25.171-b11 mixed mode windows-amd64 compressed oops)
# Problematic frame:
# C  [ntdll.dll+0xbb36]
#
# Failed to write core dump. Minidumps are not enabled by default on client versions of Windows
#
# If you would like to submit a bug report, please visit:
#   http://bugreport.java.com/bugreport/crash.jsp
# The crash happened outside the Java Virtual Machine in native code.
# See problematic frame for where to report the bug.
#

---------------  T H R E A D  ---------------

Current thread (0x00000000043a3800):  JavaThread "main" [_thread_in_native, id=1392, stack(0x00000000042a0000,0x00000000043a0000)]

siginfo: ExceptionCode=0xc0000005, reading address 0xffffffffffffffff

Registers:
RAX=0x0000000000000000, RBX=0x000000000439edf0, RCX=0x000000000439ed90, RDX=0x8e000243db23d3bf
RSP=0x000000000439ed68, RBP=0x0000000000000000, RSI=0x00000000000000bc, RDI=0x8e000243db23d363
R8 =0x0000000000000000, R9 =0x0000000000000000, R10=0x00000000044b8c3b, R11=0x000000000439edf0
R12=0x00000000ffffffff, R13=0x0000000000000000, R14=0x0000000000000000, R15=0x0000000000000000
RIP=0x00007ff9fccdbb36, EFLAGS=0x0000000000010256

Top of Stack: (sp=0x000000000439ed68)
0x000000000439ed68:   00007ff9fc0df1c5 00000000043a3800
0x000000000439ed78:   000000005e36be9d 0000000000000024
0x000000000439ed88:   0000000100075890 0000000000000000
0x000000000439ed98:   8e000243db23d3bf 00000000043a3800
0x000000000439eda8:   000000000439efe0 00000000165e4df0
0x000000000439edb8:   0000000000000000 8e000243db23d363
0x000000000439edc8:   00007ff9d4b67228 8e000243db23d33f
0x000000000439edd8:   000000000439efa8 00000000000000dc
0x000000000439ede8:   0000000000000000 0000000000000000
0x000000000439edf8:   0000000000000000 0000000000000000
0x000000000439ee08:   0000000000000000 0000000000000000
0x000000000439ee18:   0000000000000000 0000000000000000
0x000000000439ee28:   0000000000000000 000000bc00000000
0x000000000439ee38:   0000000000000000 0000000000000000
0x000000000439ee48:   0000000000000000 0000000000000000
0x000000000439ee58:   0000000000000000 0000000000000000 

Instructions: (pc=0x00007ff9fccdbb36)
0x00007ff9fccdbb16:   cc cc cc cc cc cc cc cc cc cc 45 33 c0 48 89 51
0x00007ff9fccdbb26:   08 44 89 01 48 85 d2 74 2b 48 83 c8 ff 48 ff c0
0x00007ff9fccdbb36:   66 44 39 04 42 75 f6 48 03 c0 ba fc ff 00 00 48
0x00007ff9fccdbb46:   3d fe ff 00 00 48 0f 43 c2 66 89 01 66 83 c0 02 


Register to memory mapping:

RAX=0x0000000000000000 is an unknown value
RBX=0x000000000439edf0 is pointing into the stack for thread: 0x00000000043a3800
RCX=0x000000000439ed90 is pointing into the stack for thread: 0x00000000043a3800
RDX=0x8e000243db23d3bf is an unknown value
RSP=0x000000000439ed68 is pointing into the stack for thread: 0x00000000043a3800
RBP=0x0000000000000000 is an unknown value
RSI=0x00000000000000bc is an unknown value
RDI=0x8e000243db23d363 is an unknown value
R8 =0x0000000000000000 is an unknown value
R9 =0x0000000000000000 is an unknown value
R10=0x00000000044b8c3b is at code_begin+891 in an Interpreter codelet
method entry point (kind = native)  [0x00000000044b88c0, 0x00000000044b9280]  2496 bytes
R11=0x000000000439edf0 is pointing into the stack for thread: 0x00000000043a3800
R12=0x00000000ffffffff is an unallocated location in the heap
R13=0x0000000000000000 is an unknown value
R14=0x0000000000000000 is an unknown value
R15=0x0000000000000000 is an unknown value


Stack: [0x00000000042a0000,0x00000000043a0000],  sp=0x000000000439ed68,  free space=1019k
Native frames: (J=compiled Java code, j=interpreted, Vv=VM code, C=native code)

Java frames: (J=compiled Java code, j=interpreted, Vv=VM code)
j  org.lwjgl.system.JNI.invokePP(JJ)J+0
j  org.lwjgl.glfw.GLFW.nglfwGetVideoMode(J)J+17
j  org.lwjgl.glfw.GLFW.glfwGetVideoMode(J)Lorg/lwjgl/glfw/GLFWVidMode;+1
j  com.hyper.Main.main([Ljava/lang/String;)V+25
v  ~StubRoutines::call_stub

---------------  P R O C E S S  ---------------

Java Threads: ( => current thread )
  0x0000000016aed800 JavaThread "Service Thread" daemon [_thread_blocked, id=11716, stack(0x0000000018810000,0x0000000018910000)]
  0x0000000016aa3800 JavaThread "C1 CompilerThread2" daemon [_thread_blocked, id=6168, stack(0x0000000018310000,0x0000000018410000)]
  0x0000000016a94800 JavaThread "C2 CompilerThread1" daemon [_thread_blocked, id=6248, stack(0x0000000018210000,0x0000000018310000)]
  0x0000000016a91000 JavaThread "C2 CompilerThread0" daemon [_thread_blocked, id=13144, stack(0x0000000018110000,0x0000000018210000)]
  0x0000000016a8f800 JavaThread "Attach Listener" daemon [_thread_blocked, id=2424, stack(0x0000000018010000,0x0000000018110000)]
  0x0000000016a8e000 JavaThread "Signal Dispatcher" daemon [_thread_blocked, id=10236, stack(0x0000000017f10000,0x0000000018010000)]
  0x0000000016a7a800 JavaThread "Finalizer" daemon [_thread_blocked, id=11732, stack(0x0000000017cf0000,0x0000000017df0000)]
  0x0000000004492000 JavaThread "Reference Handler" daemon [_thread_blocked, id=2664, stack(0x0000000017bf0000,0x0000000017cf0000)]
=>0x00000000043a3800 JavaThread "main" [_thread_in_native, id=1392, stack(0x00000000042a0000,0x00000000043a0000)]

Other Threads:
  0x0000000016a57800 VMThread [stack: 0x0000000017af0000,0x0000000017bf0000] [id=9576]
  0x0000000018445000 WatcherThread [stack: 0x0000000018910000,0x0000000018a10000] [id=3144]

VM state:not at safepoint (normal execution)

VM Mutex/Monitor currently owned by a thread: None

Heap:
 PSYoungGen      total 18944K, used 6092K [0x00000000eb300000, 0x00000000ec800000, 0x0000000100000000)
  eden space 16384K, 37% used [0x00000000eb300000,0x00000000eb8f3308,0x00000000ec300000)
  from space 2560K, 0% used [0x00000000ec580000,0x00000000ec580000,0x00000000ec800000)
  to   space 2560K, 0% used [0x00000000ec300000,0x00000000ec300000,0x00000000ec580000)
 ParOldGen       total 44032K, used 0K [0x00000000c1800000, 0x00000000c4300000, 0x00000000eb300000)
  object space 44032K, 0% used [0x00000000c1800000,0x00000000c1800000,0x00000000c4300000)
 Metaspace       used 5726K, capacity 6006K, committed 6144K, reserved 1056768K
  class space    used 646K, capacity 739K, committed 768K, reserved 1048576K

Card table byte_map: [0x0000000013860000,0x0000000013a60000] byte_map_base: 0x0000000013254000

Marking Bits: (ParMarkBitMap*) 0x000000005ea908c0
 Begin Bits: [0x0000000013fb0000, 0x0000000014f50000)
 End Bits:   [0x0000000014f50000, 0x0000000015ef0000)

Polling page: 0x00000000028b0000

CodeCache: size=245760Kb used=2204Kb max_used=2204Kb free=243555Kb
 bounds [0x00000000044a0000, 0x0000000004710000, 0x00000000134a0000]
 total_blobs=1114 nmethods=439 adapters=588
 compilation: enabled

Compilation events (10 events):
Event: 3.069 Thread 0x0000000016aa3800  435       3       org.lwjgl.system.MemoryAccess$MemoryAccessorUnsafe::access$200 (4 bytes)
Event: 3.069 Thread 0x0000000016aa3800 nmethod 435 0x0000000004696450 code [0x00000000046965a0, 0x00000000046966d0]
Event: 3.069 Thread 0x0000000016aa3800  434       3       java.nio.Bits::byteOrder (20 bytes)
Event: 3.069 Thread 0x0000000016aa3800 nmethod 434 0x0000000004696ad0 code [0x0000000004696c20, 0x0000000004696d70]
Event: 3.069 Thread 0x0000000016aa3800  436       3       java.nio.Buffer::clear (20 bytes)
Event: 3.069 Thread 0x0000000016aa3800 nmethod 436 0x0000000004696dd0 code [0x0000000004696f20, 0x0000000004697090]
Event: 3.070 Thread 0x0000000016aa3800  438       1       org.lwjgl.system.MemoryAccess$MemoryAccessorUnsafe::access$200 (4 bytes)
Event: 3.070 Thread 0x0000000016aa3800 nmethod 438 0x0000000004697110 code [0x0000000004697260, 0x0000000004697350]
Event: 3.070 Thread 0x0000000016aa3800  439       1       sun.misc.URLClassPath$JarLoader::access$600 (5 bytes)
Event: 3.070 Thread 0x0000000016aa3800 nmethod 439 0x00000000046973d0 code [0x0000000004697520, 0x0000000004697610]

GC Heap History (0 events):
No events

Deoptimization events (0 events):
No events

Classes redefined (0 events):
No events

Internal exceptions (9 events):
Event: 0.099 Thread 0x00000000043a3800 Exception <a 'java/lang/NoSuchMethodError': Method sun.misc.Unsafe.defineClass(Ljava/lang/String;[BII)Ljava/lang/Class; name or signature does not match> (0x00000000eb307cb0) thrown at [C:\re\workspace\8-2-build-windows-amd64-cygwin\jdk8u171\10807\hotspot
Event: 0.099 Thread 0x00000000043a3800 Exception <a 'java/lang/NoSuchMethodError': Method sun.misc.Unsafe.prefetchRead(Ljava/lang/Object;J)V name or signature does not match> (0x00000000eb307f98) thrown at [C:\re\workspace\8-2-build-windows-amd64-cygwin\jdk8u171\10807\hotspot\src\share\vm\prim
Event: 0.282 Thread 0x00000000043a3800 Exception <a 'java/lang/NoSuchMethodError': java.lang.Object.lambda$static$0(Ljava/lang/String;)Ljava/lang/Boolean;> (0x00000000eb4d0308) thrown at [C:\re\workspace\8-2-build-windows-amd64-cygwin\jdk8u171\10807\hotspot\src\share\vm\interpreter\linkResolve
Event: 0.299 Thread 0x00000000043a3800 Exception <a 'java/lang/NoSuchFieldError': method resolution failed> (0x00000000eb5480b0) thrown at [C:\re\workspace\8-2-build-windows-amd64-cygwin\jdk8u171\10807\hotspot\src\share\vm\prims\methodHandles.cpp, line 1167]
Event: 0.301 Thread 0x00000000043a3800 Exception <a 'java/lang/NoSuchFieldError': method resolution failed> (0x00000000eb5558a8) thrown at [C:\re\workspace\8-2-build-windows-amd64-cygwin\jdk8u171\10807\hotspot\src\share\vm\prims\methodHandles.cpp, line 1167]
Event: 0.416 Thread 0x00000000043a3800 Exception <a 'java/security/PrivilegedActionException'> (0x00000000eb69e358) thrown at [C:\re\workspace\8-2-build-windows-amd64-cygwin\jdk8u171\10807\hotspot\src\share\vm\prims\jvm.cpp, line 1435]
Event: 0.416 Thread 0x00000000043a3800 Exception <a 'java/security/PrivilegedActionException'> (0x00000000eb69e568) thrown at [C:\re\workspace\8-2-build-windows-amd64-cygwin\jdk8u171\10807\hotspot\src\share\vm\prims\jvm.cpp, line 1435]
Event: 0.417 Thread 0x00000000043a3800 Exception <a 'java/security/PrivilegedActionException'> (0x00000000eb6a21d8) thrown at [C:\re\workspace\8-2-build-windows-amd64-cygwin\jdk8u171\10807\hotspot\src\share\vm\prims\jvm.cpp, line 1435]
Event: 0.417 Thread 0x00000000043a3800 Exception <a 'java/security/PrivilegedActionException'> (0x00000000eb6a23e8) thrown at [C:\re\workspace\8-2-build-windows-amd64-cygwin\jdk8u171\10807\hotspot\src\share\vm\prims\jvm.cpp, line 1435]

Events (10 events):
Event: 3.068 loading class org/lwjgl/glfw/GLFW$Functions
Event: 3.068 loading class org/lwjgl/glfw/GLFW$Functions done
Event: 3.070 loading class org/lwjgl/system/JNI
Event: 3.070 loading class org/lwjgl/system/JNI done
Event: 3.201 loading class java/nio/BufferOverflowException
Event: 3.201 loading class java/nio/BufferOverflowException done
Event: 3.201 loading class java/nio/InvalidMarkException
Event: 3.201 loading class java/nio/InvalidMarkException done
Event: 3.201 loading class java/nio/BufferUnderflowException
Event: 3.201 loading class java/nio/BufferUnderflowException done


Dynamic libraries:
0x00007ff7f18f0000 - 0x00007ff7f1927000 	C:\Program Files\Java\jre1.8.0_171\bin\javaw.exe
0x00007ff9fccd0000 - 0x00007ff9fceb0000 	C:\WINDOWS\SYSTEM32\ntdll.dll
0x00007ff9fcb30000 - 0x00007ff9fcbde000 	C:\WINDOWS\System32\KERNEL32.DLL
0x00007ff9f9180000 - 0x00007ff9f93e6000 	C:\WINDOWS\System32\KERNELBASE.dll
0x00007ff9fc410000 - 0x00007ff9fc4b1000 	C:\WINDOWS\System32\ADVAPI32.dll
0x00007ff9fc810000 - 0x00007ff9fc8ad000 	C:\WINDOWS\System32\msvcrt.dll
0x00007ff9fcbe0000 - 0x00007ff9fcc3b000 	C:\WINDOWS\System32\sechost.dll
0x00007ff9fc2f0000 - 0x00007ff9fc40f000 	C:\WINDOWS\System32\RPCRT4.dll
0x00007ff9fc0c0000 - 0x00007ff9fc24f000 	C:\WINDOWS\System32\USER32.dll
0x00007ff9f9490000 - 0x00007ff9f94b0000 	C:\WINDOWS\System32\win32u.dll
0x00007ff9fc8b0000 - 0x00007ff9fc8d8000 	C:\WINDOWS\System32\GDI32.dll
0x00007ff9f94b0000 - 0x00007ff9f9643000 	C:\WINDOWS\System32\gdi32full.dll
0x00007ff9f93f0000 - 0x00007ff9f948b000 	C:\WINDOWS\System32\msvcp_win.dll
0x00007ff9f98d0000 - 0x00007ff9f99c6000 	C:\WINDOWS\System32\ucrtbase.dll
0x00007ff9f0a20000 - 0x00007ff9f0c89000 	C:\WINDOWS\WinSxS\amd64_microsoft.windows.common-controls_6595b64144ccf1df_6.0.16299.371_none_15c7d1789365a290\COMCTL32.dll
0x00007ff9fc4f0000 - 0x00007ff9fc7f8000 	C:\WINDOWS\System32\combase.dll
0x00007ff9f99d0000 - 0x00007ff9f9a42000 	C:\WINDOWS\System32\bcryptPrimitives.dll
0x00007ff9fc4c0000 - 0x00007ff9fc4ed000 	C:\WINDOWS\System32\IMM32.DLL
0x000000005de30000 - 0x000000005df02000 	C:\Program Files\Java\jre1.8.0_171\bin\msvcr100.dll
0x000000005e270000 - 0x000000005eb10000 	C:\Program Files\Java\jre1.8.0_171\bin\server\jvm.dll
0x00007ff9fc800000 - 0x00007ff9fc808000 	C:\WINDOWS\System32\PSAPI.DLL
0x00007ff9f7cf0000 - 0x00007ff9f7cf9000 	C:\WINDOWS\SYSTEM32\WSOCK32.dll
0x00007ff9fc8e0000 - 0x00007ff9fc94c000 	C:\WINDOWS\System32\WS2_32.dll
0x00007ff9f5fd0000 - 0x00007ff9f5ff3000 	C:\WINDOWS\SYSTEM32\WINMM.dll
0x00007ff9f3950000 - 0x00007ff9f395a000 	C:\WINDOWS\SYSTEM32\VERSION.dll
0x00007ff9f5f60000 - 0x00007ff9f5f8a000 	C:\WINDOWS\SYSTEM32\WINMMBASE.dll
0x00007ff9f90d0000 - 0x00007ff9f911a000 	C:\WINDOWS\System32\cfgmgr32.dll
0x000000005efb0000 - 0x000000005efbf000 	C:\Program Files\Java\jre1.8.0_171\bin\verify.dll
0x000000005ef80000 - 0x000000005efa9000 	C:\Program Files\Java\jre1.8.0_171\bin\java.dll
0x000000005ef60000 - 0x000000005ef76000 	C:\Program Files\Java\jre1.8.0_171\bin\zip.dll
0x00007ff9fa330000 - 0x00007ff9fb766000 	C:\WINDOWS\System32\SHELL32.dll
0x00007ff9fca80000 - 0x00007ff9fcb26000 	C:\WINDOWS\System32\shcore.dll
0x00007ff9f9a50000 - 0x00007ff9fa197000 	C:\WINDOWS\System32\windows.storage.dll
0x00007ff9fcc40000 - 0x00007ff9fcc91000 	C:\WINDOWS\System32\shlwapi.dll
0x00007ff9f9090000 - 0x00007ff9f90a1000 	C:\WINDOWS\System32\kernel.appcore.dll
0x00007ff9f9040000 - 0x00007ff9f908c000 	C:\WINDOWS\System32\powrprof.dll
0x00007ff9f9020000 - 0x00007ff9f903b000 	C:\WINDOWS\System32\profapi.dll
0x000000005ef40000 - 0x000000005ef5a000 	C:\Program Files\Java\jre1.8.0_171\bin\net.dll
0x00007ff9f88b0000 - 0x00007ff9f8916000 	C:\WINDOWS\system32\mswsock.dll
0x000000005ef20000 - 0x000000005ef31000 	C:\Program Files\Java\jre1.8.0_171\bin\nio.dll
0x00007ff9cff60000 - 0x00007ff9cffb8000 	C:\Users\rekik\AppData\Local\Temp\lwjglrekik\3.1.3-build-1\lwjgl.dll
0x00007ff9d4b60000 - 0x00007ff9d4b9d000 	C:\Users\rekik\AppData\Local\Temp\lwjglrekik\3.1.3-build-1\glfw.dll
0x00007ff9f71e0000 - 0x00007ff9f7275000 	C:\WINDOWS\system32\uxtheme.dll
0x00007ff9cf870000 - 0x00007ff9cf8b3000 	C:\WINDOWS\SYSTEM32\dinput8.dll
0x00007ff9f4030000 - 0x00007ff9f4040000 	C:\WINDOWS\SYSTEM32\xinput1_4.dll
0x00007ff9f8e30000 - 0x00007ff9f8e57000 	C:\WINDOWS\SYSTEM32\DEVOBJ.dll
0x00007ff9f7800000 - 0x00007ff9f782a000 	C:\WINDOWS\SYSTEM32\dwmapi.dll
0x00007ff9f1930000 - 0x00007ff9f195e000 	C:\WINDOWS\SYSTEM32\inputhost.dll
0x00007ff9f5460000 - 0x00007ff9f553c000 	C:\WINDOWS\SYSTEM32\CoreMessaging.dll
0x00007ff9f1b80000 - 0x00007ff9f1e6e000 	C:\WINDOWS\SYSTEM32\CoreUIComponents.dll
0x00007ff9f8180000 - 0x00007ff9f81b1000 	C:\WINDOWS\SYSTEM32\ntmarta.dll
0x00007ff9f4ee0000 - 0x00007ff9f5016000 	C:\WINDOWS\SYSTEM32\wintypes.dll
0x00007ff9fa1c0000 - 0x00007ff9fa327000 	C:\WINDOWS\System32\MSCTF.dll
0x00007ff9fc950000 - 0x00007ff9fca15000 	C:\WINDOWS\System32\OLEAUT32.dll
0x00007ff9f7ce0000 - 0x00007ff9f7cec000 	C:\WINDOWS\SYSTEM32\HID.DLL
0x00007ff9fb7f0000 - 0x00007ff9fbc3e000 	C:\WINDOWS\System32\SETUPAPI.DLL
0x00007ff9f9120000 - 0x00007ff9f9178000 	C:\WINDOWS\System32\WINTRUST.dll
0x00007ff9f90b0000 - 0x00007ff9f90c2000 	C:\WINDOWS\System32\MSASN1.dll
0x00007ff9f9650000 - 0x00007ff9f981e000 	C:\WINDOWS\System32\CRYPT32.dll
0x00007ff9f79d0000 - 0x00007ff9f7b98000 	C:\WINDOWS\SYSTEM32\dbghelp.dll

VM Arguments:
jvm_args: -Djava.library.path=C:\Users\rekik\Desktop\coding minecraft\LWJGL -Dfile.encoding=Cp1252 
java_command: com.hyper.Main
java_class_path (initial): C:\Program Files\Java\jre1.8.0_171\lib\resources.jar;C:\Program Files\Java\jre1.8.0_171\lib\rt.jar;C:\Program Files\Java\jre1.8.0_171\lib\jsse.jar;C:\Program Files\Java\jre1.8.0_171\lib\jce.jar;C:\Program Files\Java\jre1.8.0_171\lib\charsets.jar;C:\Program Files\Java\jre1.8.0_171\lib\jfr.jar;C:\Program Files\Java\jre1.8.0_171\lib\ext\access-bridge-64.jar;C:\Program Files\Java\jre1.8.0_171\lib\ext\cldrdata.jar;C:\Program Files\Java\jre1.8.0_171\lib\ext\dnsns.jar;C:\Program Files\Java\jre1.8.0_171\lib\ext\jaccess.jar;C:\Program Files\Java\jre1.8.0_171\lib\ext\jfxrt.jar;C:\Program Files\Java\jre1.8.0_171\lib\ext\localedata.jar;C:\Program Files\Java\jre1.8.0_171\lib\ext\nashorn.jar;C:\Program Files\Java\jre1.8.0_171\lib\ext\sunec.jar;C:\Program Files\Java\jre1.8.0_171\lib\ext\sunjce_provider.jar;C:\Program Files\Java\jre1.8.0_171\lib\ext\sunmscapi.jar;C:\Program Files\Java\jre1.8.0_171\lib\ext\sunpkcs11.jar;C:\Program Files\Java\jre1.8.0_171\lib\ext\zipfs.jar;C:\Users\rekik\workspace\LWJGL learning\bin;C:\Users\rekik\Desktop\coding minecraft\LWJGL\joml-1.9.3.jar;C:\Users\rekik\Desktop\coding minecraft\LWJGL\lwjgl.jar;C:\Users\rekik\Desktop\coding minecraft\LWJGL\lwjgl-assimp.jar;C:\Users\rekik\Desktop\coding minecraft\LWJGL\lwjgl-bgfx.jar;C:\Users\rekik\Desktop\coding minecraft\LWJGL\lwjgl-egl.jar;C:\Users\rekik\Desktop\coding minecraft\LWJGL\lwjgl-glfw.jar;C:\Users\rekik\Desktop\coding minecraft\LWJGL\lwjgl-jawt.jar;C:\Users\rekik\Desktop\coding minecraft\LWJGL\lwjgl-jemalloc.jar;C:\Users\rekik\Desktop\coding minecraft\LWJGL\lwjgl-lmdb.jar;C:\Users\rekik\Desktop\coding minecraft\LWJGL\lwjgl-nanovg.jar;C:\Users\rekik\Desktop\coding minecraft\LWJGL\lwjgl-nfd.jar;C:\Users\rekik\Desktop\coding minecraft\LWJGL\lwjgl-nuklear.jar;C:\Users\rekik\Desktop\coding minecraft\LWJGL\lwjgl-openal.jar;C:\Users\rekik\Desktop\coding minecraft\LWJGL\lwjgl-opencl.jar;C:\Users\rekik\Desktop\coding minecraft\LWJGL\lwjgl-opengl.jar;C:\Users\rekik\Desktop\coding mi
Launcher Type: SUN_STANDARD

Environment Variables:
PATH=C:/Program Files/Java/jre1.8.0_171/bin/server;C:/Program Files/Java/jre1.8.0_171/bin;C:/Program Files/Java/jre1.8.0_171/lib/amd64;C:\Program Files (x86)\Common Files\Oracle\Java\javapath;C:\ProgramData\Oracle\Java\javapath;C:\Program Files (x86)\Intel\iCLS Client\;C:\Program Files\Intel\iCLS Client\;C:\Windows\system32;C:\Windows;C:\Windows\System32\Wbem;C:\Windows\System32\WindowsPowerShell\v1.0\;C:\Program Files (x86)\Intel\Intel(R) Management Engine Components\DAL;C:\Program Files\Intel\Intel(R) Management Engine Components\DAL;C:\Program Files (x86)\Intel\Intel(R) Management Engine Components\IPT;C:\Program Files\Intel\Intel(R) Management Engine Components\IPT;C:\Program Files (x86)\NVIDIA Corporation\PhysX\Common;C:\WINDOWS\system32;C:\WINDOWS;C:\WINDOWS\System32\Wbem;C:\WINDOWS\System32\WindowsPowerShell\v1.0\;C:\Program Files\Java\jdk1.8.0_73\bin;C:\Program Files (x86)\Skype\Phone\;C:\MinGW\bin;C:\Users\rekik\AppData\Local\Microsoft\WindowsApps;;C:\Users\rekik\Desktop;
USERNAME=rekik
OS=Windows_NT
PROCESSOR_IDENTIFIER=Intel64 Family 6 Model 61 Stepping 4, GenuineIntel



---------------  S Y S T E M  ---------------

OS: Windows 10.0 , 64 bit Build 16299 (10.0.16299.15)

CPU:total 4 (initial active 4) (2 cores per cpu, 2 threads per core) family 6 model 61 stepping 4, cmov, cx8, fxsr, mmx, sse, sse2, sse3, ssse3, sse4.1, sse4.2, popcnt, avx, avx2, aes, clmul, erms, 3dnowpref, lzcnt, ht, tsc, tscinvbit, bmi1, bmi2, adx

Memory: 4k page, physical 4094316k(986836k free), swap 5994860k(1803056k free)

vm_info: Java HotSpot(TM) 64-Bit Server VM (25.171-b11) for windows-amd64 JRE (1.8.0_171-b11), built on Mar 28 2018 16:06:12 by "java_re" with MS VC++ 10.0 (VS2010)

time: Sat Apr 28 19:24:44 2018
elapsed time: 3 seconds (0d 0h 0m 3s)

